<?xml version="1.0" encoding="UTF-8"?>
<coverage generated="1739719215674" clover="3.2.0">
  <project timestamp="1739719215675" name="All files">
    <metrics statements="337" coveredstatements="336" conditionals="186" coveredconditionals="181" methods="57" coveredmethods="57" elements="580" coveredelements="574" complexity="0" loc="337" ncloc="337" packages="1" files="15" classes="15"/>
    <file name="calculateBusinessDays.ts" path="C:\Users\Reian\Desktop\Personal\Repositories\reian-nodets-express-sandbox\src\personal-exercises\calculateBusinessDays.ts">
      <metrics statements="21" coveredstatements="21" conditionals="13" coveredconditionals="12" methods="3" coveredmethods="3"/>
      <line num="1" count="1" type="stmt"/>
      <line num="2" count="5" type="cond" truecount="1" falsecount="0"/>
      <line num="3" count="1" type="stmt"/>
      <line num="4" count="1" type="stmt"/>
      <line num="7" count="4" type="stmt"/>
      <line num="10" count="4" type="stmt"/>
      <line num="14" count="4" type="cond" truecount="2" falsecount="0"/>
      <line num="15" count="2" type="cond" truecount="3" falsecount="1"/>
      <line num="18" count="4" type="cond" truecount="1" falsecount="0"/>
      <line num="23" count="1" type="stmt"/>
      <line num="24" count="1" type="stmt"/>
      <line num="36" count="3" type="stmt"/>
      <line num="37" count="12" type="stmt"/>
      <line num="38" count="12" type="stmt"/>
      <line num="39" count="12" type="stmt"/>
      <line num="41" count="12" type="cond" truecount="3" falsecount="0"/>
      <line num="42" count="9" type="stmt"/>
      <line num="45" count="12" type="stmt"/>
      <line num="46" count="12" type="stmt"/>
      <line num="49" count="3" type="stmt"/>
      <line num="57" count="2" type="cond" truecount="2" falsecount="0"/>
    </file>
    <file name="circularQueue.ts" path="C:\Users\Reian\Desktop\Personal\Repositories\reian-nodets-express-sandbox\src\personal-exercises\circularQueue.ts">
      <metrics statements="11" coveredstatements="11" conditionals="4" coveredconditionals="3" methods="7" coveredmethods="7"/>
      <line num="6" count="4" type="stmt"/>
      <line num="7" count="4" type="stmt"/>
      <line num="11" count="15" type="stmt"/>
      <line num="12" count="15" type="cond" truecount="1" falsecount="0"/>
      <line num="13" count="1" type="stmt"/>
      <line num="18" count="4" type="stmt"/>
      <line num="22" count="4" type="cond" truecount="2" falsecount="0"/>
      <line num="26" count="4" type="stmt"/>
      <line num="30" count="3" type="stmt"/>
      <line num="34" count="4" type="stmt"/>
      <line num="38" count="1" type="stmt"/>
    </file>
    <file name="creditScore.ts" path="C:\Users\Reian\Desktop\Personal\Repositories\reian-nodets-express-sandbox\src\personal-exercises\creditScore.ts">
      <metrics statements="18" coveredstatements="18" conditionals="20" coveredconditionals="19" methods="2" coveredmethods="2"/>
      <line num="1" count="1" type="stmt"/>
      <line num="2" count="9" type="stmt"/>
      <line num="7" count="9" type="stmt"/>
      <line num="14" count="9" type="stmt"/>
      <line num="17" count="9" type="cond" truecount="1" falsecount="0"/>
      <line num="18" count="1" type="stmt"/>
      <line num="21" count="8" type="cond" truecount="2" falsecount="0"/>
      <line num="25" count="4" type="stmt"/>
      <line num="26" count="4" type="cond" truecount="2" falsecount="0"/>
      <line num="30" count="1" type="stmt"/>
      <line num="31" count="3" type="cond" truecount="2" falsecount="0"/>
      <line num="35" count="1" type="stmt"/>
      <line num="36" count="2" type="cond" truecount="1" falsecount="0"/>
      <line num="40" count="1" type="stmt"/>
      <line num="43" count="1" type="stmt"/>
      <line num="46" count="1" type="cond" truecount="1" falsecount="1"/>
      <line num="48" count="1" type="stmt"/>
      <line num="57" count="1" type="cond" truecount="2" falsecount="0"/>
    </file>
    <file name="deepEquals.ts" path="C:\Users\Reian\Desktop\Personal\Repositories\reian-nodets-express-sandbox\src\personal-exercises\deepEquals.ts">
      <metrics statements="43" coveredstatements="43" conditionals="66" coveredconditionals="65" methods="4" coveredmethods="4"/>
      <line num="5" count="62" type="cond" truecount="2" falsecount="0"/>
      <line num="6" count="62" type="cond" truecount="2" falsecount="0"/>
      <line num="8" count="62" type="cond" truecount="2" falsecount="0"/>
      <line num="10" count="62" type="cond" truecount="2" falsecount="0"/>
      <line num="12" count="62" type="cond" truecount="2" falsecount="0"/>
      <line num="13" count="62" type="cond" truecount="2" falsecount="0"/>
      <line num="15" count="62" type="cond" truecount="2" falsecount="0"/>
      <line num="21" count="62" type="cond" truecount="3" falsecount="0"/>
      <line num="25" count="62" type="cond" truecount="2" falsecount="0"/>
      <line num="26" count="62" type="cond" truecount="2" falsecount="0"/>
      <line num="27" count="62" type="cond" truecount="2" falsecount="0"/>
      <line num="28" count="62" type="cond" truecount="2" falsecount="0"/>
      <line num="29" count="62" type="cond" truecount="2" falsecount="0"/>
      <line num="32" count="62" type="cond" truecount="9" falsecount="0"/>
      <line num="42" count="62" type="stmt"/>
      <line num="47" count="24" type="stmt"/>
      <line num="48" count="24" type="stmt"/>
      <line num="50" count="24" type="cond" truecount="2" falsecount="0"/>
      <line num="55" count="22" type="cond" truecount="2" falsecount="0"/>
      <line num="56" count="22" type="cond" truecount="2" falsecount="0"/>
      <line num="58" count="22" type="cond" truecount="2" falsecount="0"/>
      <line num="66" count="42" type="cond" truecount="1" falsecount="0"/>
      <line num="71" count="34" type="cond" truecount="2" falsecount="0"/>
      <line num="73" count="34" type="cond" truecount="4" falsecount="0"/>
      <line num="78" count="34" type="cond" truecount="3" falsecount="0"/>
      <line num="79" count="18" type="stmt"/>
      <line num="80" count="18" type="stmt"/>
      <line num="81" count="18" type="stmt"/>
      <line num="83" count="18" type="cond" truecount="1" falsecount="0"/>
      <line num="87" count="16" type="stmt"/>
      <line num="88" count="26" type="stmt"/>
      <line num="89" count="26" type="stmt"/>
      <line num="93" count="26" type="cond" truecount="3" falsecount="0"/>
      <line num="94" count="2" type="stmt"/>
      <line num="99" count="24" type="cond" truecount="1" falsecount="1"/>
      <line num="101" count="24" type="cond" truecount="2" falsecount="0"/>
      <line num="105" count="4" type="cond" truecount="1" falsecount="0"/>
      <line num="106" count="2" type="stmt"/>
      <line num="108" count="20" type="cond" truecount="1" falsecount="0"/>
      <line num="109" count="6" type="stmt"/>
      <line num="114" count="6" type="stmt"/>
      <line num="117" count="16" type="stmt"/>
      <line num="121" count="1" type="stmt"/>
    </file>
    <file name="findLongestPalindrome.ts" path="C:\Users\Reian\Desktop\Personal\Repositories\reian-nodets-express-sandbox\src\personal-exercises\findLongestPalindrome.ts">
      <metrics statements="18" coveredstatements="18" conditionals="6" coveredconditionals="6" methods="2" coveredmethods="2"/>
      <line num="3" count="6" type="stmt"/>
      <line num="4" count="6" type="stmt"/>
      <line num="6" count="6" type="stmt"/>
      <line num="8" count="6" type="cond" truecount="1" falsecount="0"/>
      <line num="9" count="4" type="stmt"/>
      <line num="12" count="6" type="stmt"/>
      <line num="18" count="1" type="stmt"/>
      <line num="19" count="6" type="stmt"/>
      <line num="20" count="6" type="cond" truecount="3" falsecount="0"/>
      <line num="21" count="2" type="stmt"/>
      <line num="24" count="4" type="cond" truecount="1" falsecount="0"/>
      <line num="25" count="3" type="stmt"/>
      <line num="35" count="1" type="stmt"/>
      <line num="37" count="1" type="stmt"/>
      <line num="39" count="1" type="stmt"/>
      <line num="42" count="2" type="stmt"/>
      <line num="47" count="2" type="cond" truecount="1" falsecount="0"/>
      <line num="48" count="1" type="stmt"/>
    </file>
    <file name="generateAmortizationSchedule.ts" path="C:\Users\Reian\Desktop\Personal\Repositories\reian-nodets-express-sandbox\src\personal-exercises\generateAmortizationSchedule.ts">
      <metrics statements="21" coveredstatements="21" conditionals="0" coveredconditionals="0" methods="4" coveredmethods="4"/>
      <line num="20" count="1" type="stmt"/>
      <line num="27" count="2" type="stmt"/>
      <line num="28" count="2" type="stmt"/>
      <line num="32" count="2" type="stmt"/>
      <line num="37" count="2" type="stmt"/>
      <line num="46" count="1" type="stmt"/>
      <line num="52" count="362" type="stmt"/>
      <line num="57" count="362" type="stmt"/>
      <line num="61" count="1" type="stmt"/>
      <line num="66" count="1" type="stmt"/>
      <line num="67" count="1" type="stmt"/>
      <line num="69" count="1" type="stmt"/>
      <line num="74" count="1" type="stmt"/>
      <line num="79" count="1" type="stmt"/>
      <line num="80" count="360" type="stmt"/>
      <line num="85" count="360" type="stmt"/>
      <line num="87" count="360" type="stmt"/>
      <line num="89" count="360" type="stmt"/>
      <line num="101" count="1" type="stmt"/>
      <line num="107" count="1081" type="stmt"/>
      <line num="108" count="1081" type="stmt"/>
    </file>
    <file name="generateMatrixPattern.ts" path="C:\Users\Reian\Desktop\Personal\Repositories\reian-nodets-express-sandbox\src\personal-exercises\generateMatrixPattern.ts">
      <metrics statements="51" coveredstatements="51" conditionals="27" coveredconditionals="27" methods="3" coveredmethods="3"/>
      <line num="2" count="1" type="stmt"/>
      <line num="3" count="5" type="cond" truecount="3" falsecount="0"/>
      <line num="4" count="1" type="stmt"/>
      <line num="7" count="4" type="stmt"/>
      <line num="9" count="4" type="stmt"/>
      <line num="11" count="4" type="stmt"/>
      <line num="13" count="4" type="stmt"/>
      <line num="27" count="4" type="stmt"/>
      <line num="28" count="4" type="stmt"/>
      <line num="31" count="49" type="cond" truecount="1" falsecount="0"/>
      <line num="32" count="10" type="stmt"/>
      <line num="34" count="49" type="stmt"/>
      <line num="36" count="4" type="stmt"/>
      <line num="40" count="64" type="cond" truecount="2" falsecount="0"/>
      <line num="43" count="64" type="stmt"/>
      <line num="44" count="64" type="cond" truecount="5" falsecount="0"/>
      <line num="45" count="12" type="stmt"/>
      <line num="48" count="64" type="cond" truecount="2" falsecount="0"/>
      <line num="51" count="4" type="stmt"/>
      <line num="53" count="64" type="cond" truecount="2" falsecount="0"/>
      <line num="55" count="22" type="stmt"/>
      <line num="57" count="22" type="stmt"/>
      <line num="62" count="22" type="cond" truecount="2" falsecount="0"/>
      <line num="63" count="16" type="stmt"/>
      <line num="64" count="16" type="stmt"/>
      <line num="66" count="16" type="stmt"/>
      <line num="68" count="6" type="stmt"/>
      <line num="70" count="42" type="cond" truecount="2" falsecount="0"/>
      <line num="71" count="17" type="stmt"/>
      <line num="73" count="17" type="stmt"/>
      <line num="78" count="17" type="cond" truecount="2" falsecount="0"/>
      <line num="79" count="12" type="stmt"/>
      <line num="80" count="12" type="stmt"/>
      <line num="82" count="12" type="stmt"/>
      <line num="84" count="5" type="stmt"/>
      <line num="86" count="25" type="cond" truecount="2" falsecount="0"/>
      <line num="87" count="15" type="stmt"/>
      <line num="89" count="15" type="stmt"/>
      <line num="94" count="15" type="cond" truecount="2" falsecount="0"/>
      <line num="95" count="11" type="stmt"/>
      <line num="96" count="11" type="stmt"/>
      <line num="98" count="11" type="stmt"/>
      <line num="100" count="4" type="stmt"/>
      <line num="105" count="10" type="stmt"/>
      <line num="107" count="10" type="stmt"/>
      <line num="112" count="10" type="cond" truecount="2" falsecount="0"/>
      <line num="113" count="6" type="stmt"/>
      <line num="114" count="6" type="stmt"/>
      <line num="116" count="6" type="stmt"/>
      <line num="118" count="4" type="stmt"/>
      <line num="123" count="4" type="stmt"/>
    </file>
    <file name="generatePattern.ts" path="C:\Users\Reian\Desktop\Personal\Repositories\reian-nodets-express-sandbox\src\personal-exercises\generatePattern.ts">
      <metrics statements="18" coveredstatements="18" conditionals="10" coveredconditionals="10" methods="2" coveredmethods="2"/>
      <line num="1" count="1" type="stmt"/>
      <line num="2" count="6" type="cond" truecount="4" falsecount="0"/>
      <line num="3" count="1" type="stmt"/>
      <line num="4" count="1" type="stmt"/>
      <line num="5" count="5" type="cond" truecount="2" falsecount="0"/>
      <line num="6" count="1" type="stmt"/>
      <line num="7" count="1" type="stmt"/>
      <line num="8" count="4" type="cond" truecount="1" falsecount="0"/>
      <line num="9" count="1" type="stmt"/>
      <line num="10" count="1" type="stmt"/>
      <line num="13" count="3" type="stmt"/>
      <line num="14" count="3" type="stmt"/>
      <line num="18" count="15" type="stmt"/>
      <line num="19" count="49" type="stmt"/>
      <line num="22" count="15" type="cond" truecount="1" falsecount="0"/>
      <line num="23" count="12" type="stmt"/>
      <line num="27" count="3" type="stmt"/>
      <line num="35" count="3" type="cond" truecount="2" falsecount="0"/>
    </file>
    <file name="happyNumbers.ts" path="C:\Users\Reian\Desktop\Personal\Repositories\reian-nodets-express-sandbox\src\personal-exercises\happyNumbers.ts">
      <metrics statements="20" coveredstatements="19" conditionals="8" coveredconditionals="7" methods="4" coveredmethods="4"/>
      <line num="1" count="1" type="stmt"/>
      <line num="3" count="4" type="cond" truecount="1" falsecount="1"/>
      <line num="4" count="0" type="stmt"/>
      <line num="5" count="4" type="cond" truecount="2" falsecount="0"/>
      <line num="6" count="1" type="stmt"/>
      <line num="7" count="1" type="stmt"/>
      <line num="8" count="3" type="cond" truecount="1" falsecount="0"/>
      <line num="9" count="1" type="stmt"/>
      <line num="10" count="1" type="stmt"/>
      <line num="13" count="2" type="stmt"/>
      <line num="15" count="2" type="stmt"/>
      <line num="17" count="2" type="stmt"/>
      <line num="18" count="13" type="stmt"/>
      <line num="20" count="26" type="stmt"/>
      <line num="22" count="13" type="stmt"/>
      <line num="25" count="13" type="cond" truecount="1" falsecount="0"/>
      <line num="26" count="1" type="stmt"/>
      <line num="29" count="12" type="stmt"/>
      <line num="32" count="1" type="stmt"/>
      <line num="40" count="2" type="cond" truecount="2" falsecount="0"/>
    </file>
    <file name="priorityQueue.ts" path="C:\Users\Reian\Desktop\Personal\Repositories\reian-nodets-express-sandbox\src\personal-exercises\priorityQueue.ts">
      <metrics statements="12" coveredstatements="12" conditionals="2" coveredconditionals="2" methods="8" coveredmethods="8"/>
      <line num="6" count="2" type="stmt"/>
      <line num="9" count="4" type="stmt"/>
      <line num="14" count="6" type="stmt"/>
      <line num="25" count="1" type="stmt"/>
      <line num="26" count="1" type="stmt"/>
      <line num="27" count="2" type="stmt"/>
      <line num="29" count="1" type="stmt"/>
      <line num="34" count="3" type="stmt"/>
      <line num="35" count="5" type="cond" truecount="2" falsecount="0"/>
      <line num="40" count="3" type="stmt"/>
      <line num="45" count="4" type="stmt"/>
      <line num="50" count="3" type="stmt"/>
    </file>
    <file name="reverseWordsInSentence.ts" path="C:\Users\Reian\Desktop\Personal\Repositories\reian-nodets-express-sandbox\src\personal-exercises\reverseWordsInSentence.ts">
      <metrics statements="11" coveredstatements="11" conditionals="5" coveredconditionals="5" methods="3" coveredmethods="3"/>
      <line num="1" count="1" type="stmt"/>
      <line num="3" count="4" type="cond" truecount="2" falsecount="0"/>
      <line num="4" count="1" type="stmt"/>
      <line num="5" count="1" type="stmt"/>
      <line num="6" count="3" type="cond" truecount="1" falsecount="0"/>
      <line num="7" count="1" type="stmt"/>
      <line num="8" count="1" type="stmt"/>
      <line num="11" count="2" type="stmt"/>
      <line num="14" count="11" type="stmt"/>
      <line num="18" count="2" type="stmt"/>
      <line num="26" count="2" type="cond" truecount="2" falsecount="0"/>
    </file>
    <file name="rotateArray.ts" path="C:\Users\Reian\Desktop\Personal\Repositories\reian-nodets-express-sandbox\src\personal-exercises\rotateArray.ts">
      <metrics statements="11" coveredstatements="11" conditionals="5" coveredconditionals="5" methods="1" coveredmethods="1"/>
      <line num="1" count="1" type="stmt"/>
      <line num="5" count="5" type="stmt"/>
      <line num="8" count="5" type="cond" truecount="2" falsecount="0"/>
      <line num="12" count="5" type="cond" truecount="3" falsecount="0"/>
      <line num="13" count="1" type="stmt"/>
      <line num="23" count="4" type="stmt"/>
      <line num="24" count="4" type="stmt"/>
      <line num="25" count="4" type="stmt"/>
      <line num="28" count="4" type="stmt"/>
      <line num="29" count="4" type="stmt"/>
      <line num="31" count="4" type="stmt"/>
    </file>
    <file name="spiralMatrixTraversal.ts" path="C:\Users\Reian\Desktop\Personal\Repositories\reian-nodets-express-sandbox\src\personal-exercises\spiralMatrixTraversal.ts">
      <metrics statements="43" coveredstatements="43" conditionals="11" coveredconditionals="11" methods="5" coveredmethods="5"/>
      <line num="14" count="4" type="stmt"/>
      <line num="15" count="4" type="stmt"/>
      <line num="16" count="4" type="stmt"/>
      <line num="18" count="4" type="stmt"/>
      <line num="19" count="4" type="stmt"/>
      <line num="20" count="4" type="stmt"/>
      <line num="21" count="4" type="stmt"/>
      <line num="23" count="4" type="stmt"/>
      <line num="24" count="4" type="stmt"/>
      <line num="29" count="22" type="cond" truecount="1" falsecount="0"/>
      <line num="30" count="16" type="stmt"/>
      <line num="31" count="16" type="stmt"/>
      <line num="33" count="6" type="stmt"/>
      <line num="34" count="6" type="stmt"/>
      <line num="37" count="17" type="cond" truecount="1" falsecount="0"/>
      <line num="38" count="12" type="stmt"/>
      <line num="39" count="12" type="stmt"/>
      <line num="41" count="5" type="stmt"/>
      <line num="42" count="5" type="stmt"/>
      <line num="46" count="15" type="cond" truecount="1" falsecount="0"/>
      <line num="47" count="11" type="stmt"/>
      <line num="48" count="11" type="stmt"/>
      <line num="50" count="4" type="stmt"/>
      <line num="51" count="4" type="stmt"/>
      <line num="55" count="10" type="cond" truecount="1" falsecount="0"/>
      <line num="56" count="6" type="stmt"/>
      <line num="57" count="6" type="stmt"/>
      <line num="59" count="4" type="stmt"/>
      <line num="60" count="4" type="stmt"/>
      <line num="61" count="4" type="stmt"/>
      <line num="64" count="4" type="stmt"/>
      <line num="66" count="4" type="stmt"/>
      <line num="69" count="64" type="cond" truecount="2" falsecount="0"/>
      <line num="70" count="22" type="stmt"/>
      <line num="71" count="42" type="cond" truecount="2" falsecount="0"/>
      <line num="72" count="17" type="stmt"/>
      <line num="73" count="25" type="cond" truecount="2" falsecount="0"/>
      <line num="74" count="15" type="stmt"/>
      <line num="78" count="10" type="stmt"/>
      <line num="81" count="64" type="cond" truecount="1" falsecount="0"/>
      <line num="82" count="45" type="stmt"/>
      <line num="86" count="4" type="stmt"/>
      <line num="89" count="1" type="stmt"/>
    </file>
    <file name="textJustification.ts" path="C:\Users\Reian\Desktop\Personal\Repositories\reian-nodets-express-sandbox\src\personal-exercises\textJustification.ts">
      <metrics statements="29" coveredstatements="29" conditionals="7" coveredconditionals="7" methods="4" coveredmethods="4"/>
      <line num="2" count="2" type="stmt"/>
      <line num="3" count="2" type="stmt"/>
      <line num="5" count="2" type="stmt"/>
      <line num="10" count="5" type="stmt"/>
      <line num="12" count="5" type="stmt"/>
      <line num="15" count="5" type="stmt"/>
      <line num="18" count="5" type="stmt"/>
      <line num="20" count="5" type="stmt"/>
      <line num="21" count="14" type="stmt"/>
      <line num="25" count="14" type="cond" truecount="1" falsecount="0"/>
      <line num="26" count="5" type="stmt"/>
      <line num="30" count="9" type="stmt"/>
      <line num="34" count="9" type="cond" truecount="1" falsecount="0"/>
      <line num="35" count="1" type="stmt"/>
      <line num="38" count="9" type="stmt"/>
      <line num="41" count="5" type="stmt"/>
      <line num="44" count="2" type="stmt"/>
      <line num="45" count="17" type="stmt"/>
      <line num="50" count="17" type="cond" truecount="2" falsecount="0"/>
      <line num="51" count="14" type="stmt"/>
      <line num="54" count="14" type="cond" truecount="1" falsecount="0"/>
      <line num="55" count="2" type="stmt"/>
      <line num="60" count="3" type="stmt"/>
      <line num="63" count="3" type="stmt"/>
      <line num="64" count="3" type="stmt"/>
      <line num="67" count="3" type="stmt"/>
      <line num="71" count="2" type="stmt"/>
      <line num="74" count="1" type="stmt"/>
      <line num="81" count="19" type="cond" truecount="2" falsecount="0"/>
    </file>
    <file name="urlShortener.ts" path="C:\Users\Reian\Desktop\Personal\Repositories\reian-nodets-express-sandbox\src\personal-exercises\urlShortener.ts">
      <metrics statements="10" coveredstatements="10" conditionals="2" coveredconditionals="2" methods="5" coveredmethods="5"/>
      <line num="1" count="1" type="stmt"/>
      <line num="2" count="2" type="stmt"/>
      <line num="3" count="2" type="stmt"/>
      <line num="10" count="6" type="stmt"/>
      <line num="14" count="6" type="stmt"/>
      <line num="15" count="6" type="stmt"/>
      <line num="19" count="1" type="stmt"/>
      <line num="23" count="1" type="stmt"/>
      <line num="24" count="1" type="stmt"/>
      <line num="33" count="2" type="cond" truecount="2" falsecount="0"/>
    </file>
  </project>
</coverage>
