<?xml version="1.0" encoding="UTF-8"?>
<coverage generated="1736756660434" clover="3.2.0">
  <project timestamp="1736756660435" name="All files">
    <metrics statements="43" coveredstatements="43" conditionals="66" coveredconditionals="65" methods="4" coveredmethods="4" elements="113" coveredelements="112" complexity="0" loc="43" ncloc="43" packages="1" files="1" classes="1"/>
    <file name="deepEquals.ts" path="C:\Users\Reian\Desktop\Personal\Repositories\reian-nodets-express-sandbox\src\personal-exercises\deepEquals.ts">
      <metrics statements="43" coveredstatements="43" conditionals="66" coveredconditionals="65" methods="4" coveredmethods="4"/>
      <line num="5" count="62" type="cond" truecount="2" falsecount="0"/>
      <line num="6" count="62" type="cond" truecount="2" falsecount="0"/>
      <line num="8" count="62" type="cond" truecount="2" falsecount="0"/>
      <line num="10" count="62" type="cond" truecount="2" falsecount="0"/>
      <line num="12" count="62" type="cond" truecount="2" falsecount="0"/>
      <line num="13" count="62" type="cond" truecount="2" falsecount="0"/>
      <line num="15" count="62" type="cond" truecount="2" falsecount="0"/>
      <line num="21" count="62" type="cond" truecount="3" falsecount="0"/>
      <line num="25" count="62" type="cond" truecount="2" falsecount="0"/>
      <line num="26" count="62" type="cond" truecount="2" falsecount="0"/>
      <line num="27" count="62" type="cond" truecount="2" falsecount="0"/>
      <line num="28" count="62" type="cond" truecount="2" falsecount="0"/>
      <line num="29" count="62" type="cond" truecount="2" falsecount="0"/>
      <line num="32" count="62" type="cond" truecount="9" falsecount="0"/>
      <line num="42" count="62" type="stmt"/>
      <line num="47" count="24" type="stmt"/>
      <line num="48" count="24" type="stmt"/>
      <line num="50" count="24" type="cond" truecount="2" falsecount="0"/>
      <line num="55" count="22" type="cond" truecount="2" falsecount="0"/>
      <line num="56" count="22" type="cond" truecount="2" falsecount="0"/>
      <line num="58" count="22" type="cond" truecount="2" falsecount="0"/>
      <line num="66" count="42" type="cond" truecount="1" falsecount="0"/>
      <line num="71" count="34" type="cond" truecount="2" falsecount="0"/>
      <line num="73" count="34" type="cond" truecount="4" falsecount="0"/>
      <line num="78" count="34" type="cond" truecount="3" falsecount="0"/>
      <line num="79" count="18" type="stmt"/>
      <line num="80" count="18" type="stmt"/>
      <line num="81" count="18" type="stmt"/>
      <line num="83" count="18" type="cond" truecount="1" falsecount="0"/>
      <line num="87" count="16" type="stmt"/>
      <line num="88" count="26" type="stmt"/>
      <line num="89" count="26" type="stmt"/>
      <line num="93" count="26" type="cond" truecount="3" falsecount="0"/>
      <line num="94" count="2" type="stmt"/>
      <line num="99" count="24" type="cond" truecount="1" falsecount="1"/>
      <line num="101" count="24" type="cond" truecount="2" falsecount="0"/>
      <line num="105" count="4" type="cond" truecount="1" falsecount="0"/>
      <line num="106" count="2" type="stmt"/>
      <line num="108" count="20" type="cond" truecount="1" falsecount="0"/>
      <line num="109" count="6" type="stmt"/>
      <line num="114" count="6" type="stmt"/>
      <line num="117" count="16" type="stmt"/>
      <line num="121" count="1" type="stmt"/>
    </file>
  </project>
</coverage>
