{"C:\\Users\\Reian\\Desktop\\Personal\\Repositories\\reian-nodets-express-sandbox\\src\\personal-exercises\\deepEquals.ts": {"path":"C:\\Users\\Reian\\Desktop\\Personal\\Repositories\\reian-nodets-express-sandbox\\src\\personal-exercises\\deepEquals.ts","statementMap":{"0":{"start":{"line":5,"column":23},"end":{"line":5,"column":77}},"1":{"start":{"line":6,"column":23},"end":{"line":6,"column":77}},"2":{"start":{"line":8,"column":4},"end":{"line":8,"column":60}},"3":{"start":{"line":10,"column":20},"end":{"line":10,"column":74}},"4":{"start":{"line":12,"column":23},"end":{"line":12,"column":78}},"5":{"start":{"line":13,"column":23},"end":{"line":13,"column":78}},"6":{"start":{"line":15,"column":4},"end":{"line":15,"column":62}},"7":{"start":{"line":21,"column":20},"end":{"line":21,"column":61}},"8":{"start":{"line":25,"column":21},"end":{"line":25,"column":53}},"9":{"start":{"line":26,"column":26},"end":{"line":26,"column":68}},"10":{"start":{"line":27,"column":25},"end":{"line":27,"column":65}},"11":{"start":{"line":28,"column":21},"end":{"line":28,"column":53}},"12":{"start":{"line":29,"column":22},"end":{"line":29,"column":56}},"13":{"start":{"line":32,"column":4},"end":{"line":40,"column":15}},"14":{"start":{"line":42,"column":2},"end":{"line":42,"column":26}},"15":{"start":{"line":47,"column":23},"end":{"line":47,"column":43}},"16":{"start":{"line":48,"column":23},"end":{"line":48,"column":43}},"17":{"start":{"line":50,"column":2},"end":{"line":50,"column":38}},"18":{"start":{"line":55,"column":21},"end":{"line":55,"column":64}},"19":{"start":{"line":56,"column":21},"end":{"line":56,"column":64}},"20":{"start":{"line":58,"column":2},"end":{"line":58,"column":34}},"21":{"start":{"line":66,"column":2},"end":{"line":66,"column":71}},"22":{"start":{"line":66,"column":59},"end":{"line":66,"column":71}},"23":{"start":{"line":71,"column":22},"end":{"line":71,"column":66}},"24":{"start":{"line":73,"column":4},"end":{"line":76,"column":18}},"25":{"start":{"line":78,"column":2},"end":{"line":115,"column":3}},"26":{"start":{"line":79,"column":25},"end":{"line":79,"column":43}},"27":{"start":{"line":80,"column":25},"end":{"line":80,"column":43}},"28":{"start":{"line":81,"column":25},"end":{"line":81,"column":68}},"29":{"start":{"line":83,"column":4},"end":{"line":83,"column":36}},"30":{"start":{"line":83,"column":23},"end":{"line":83,"column":36}},"31":{"start":{"line":87,"column":4},"end":{"line":112,"column":5}},"32":{"start":{"line":87,"column":22},"end":{"line":87,"column":23}},"33":{"start":{"line":88,"column":23},"end":{"line":88,"column":65}},"34":{"start":{"line":89,"column":24},"end":{"line":89,"column":39}},"35":{"start":{"line":93,"column":6},"end":{"line":95,"column":7}},"36":{"start":{"line":94,"column":8},"end":{"line":94,"column":21}},"37":{"start":{"line":99,"column":8},"end":{"line":99,"column":77}},"38":{"start":{"line":101,"column":6},"end":{"line":110,"column":7}},"39":{"start":{"line":105,"column":8},"end":{"line":107,"column":9}},"40":{"start":{"line":106,"column":10},"end":{"line":106,"column":23}},"41":{"start":{"line":108,"column":13},"end":{"line":110,"column":7}},"42":{"start":{"line":109,"column":8},"end":{"line":109,"column":21}},"43":{"start":{"line":114,"column":4},"end":{"line":114,"column":16}},"44":{"start":{"line":117,"column":2},"end":{"line":117,"column":15}},"45":{"start":{"line":121,"column":0},"end":{"line":121,"column":26}}},"fnMap":{"0":{"name":"isEqualPrimitiveHandler","decl":{"start":{"line":1,"column":9},"end":{"line":1,"column":32}},"loc":{"start":{"line":3,"column":14},"end":{"line":43,"column":1}}},"1":{"name":"isBothArray","decl":{"start":{"line":46,"column":9},"end":{"line":46,"column":20}},"loc":{"start":{"line":46,"column":51},"end":{"line":51,"column":1}}},"2":{"name":"isBothObject","decl":{"start":{"line":54,"column":9},"end":{"line":54,"column":21}},"loc":{"start":{"line":54,"column":52},"end":{"line":59,"column":1}}},"3":{"name":"deepEquals","decl":{"start":{"line":61,"column":9},"end":{"line":61,"column":19}},"loc":{"start":{"line":61,"column":60},"end":{"line":118,"column":1}}}},"branchMap":{"0":{"loc":{"start":{"line":5,"column":23},"end":{"line":5,"column":77}},"type":"binary-expr","locations":[{"start":{"line":5,"column":23},"end":{"line":5,"column":48}},{"start":{"line":5,"column":52},"end":{"line":5,"column":77}}]},"1":{"loc":{"start":{"line":6,"column":23},"end":{"line":6,"column":77}},"type":"binary-expr","locations":[{"start":{"line":6,"column":23},"end":{"line":6,"column":48}},{"start":{"line":6,"column":52},"end":{"line":6,"column":77}}]},"2":{"loc":{"start":{"line":8,"column":4},"end":{"line":8,"column":60}},"type":"binary-expr","locations":[{"start":{"line":8,"column":4},"end":{"line":8,"column":30}},{"start":{"line":8,"column":34},"end":{"line":8,"column":60}}]},"3":{"loc":{"start":{"line":10,"column":20},"end":{"line":10,"column":74}},"type":"binary-expr","locations":[{"start":{"line":10,"column":20},"end":{"line":10,"column":45}},{"start":{"line":10,"column":49},"end":{"line":10,"column":74}}]},"4":{"loc":{"start":{"line":12,"column":23},"end":{"line":12,"column":78}},"type":"binary-expr","locations":[{"start":{"line":12,"column":23},"end":{"line":12,"column":35}},{"start":{"line":12,"column":40},"end":{"line":12,"column":78}}]},"5":{"loc":{"start":{"line":13,"column":23},"end":{"line":13,"column":78}},"type":"binary-expr","locations":[{"start":{"line":13,"column":23},"end":{"line":13,"column":35}},{"start":{"line":13,"column":40},"end":{"line":13,"column":78}}]},"6":{"loc":{"start":{"line":15,"column":4},"end":{"line":15,"column":62}},"type":"binary-expr","locations":[{"start":{"line":15,"column":4},"end":{"line":15,"column":17}},{"start":{"line":15,"column":22},"end":{"line":15,"column":62}}]},"7":{"loc":{"start":{"line":21,"column":20},"end":{"line":21,"column":61}},"type":"binary-expr","locations":[{"start":{"line":21,"column":20},"end":{"line":21,"column":29}},{"start":{"line":21,"column":33},"end":{"line":21,"column":45}},{"start":{"line":21,"column":49},"end":{"line":21,"column":61}}]},"8":{"loc":{"start":{"line":25,"column":21},"end":{"line":25,"column":53}},"type":"binary-expr","locations":[{"start":{"line":25,"column":21},"end":{"line":25,"column":35}},{"start":{"line":25,"column":39},"end":{"line":25,"column":53}}]},"9":{"loc":{"start":{"line":26,"column":26},"end":{"line":26,"column":68}},"type":"binary-expr","locations":[{"start":{"line":26,"column":26},"end":{"line":26,"column":45}},{"start":{"line":26,"column":49},"end":{"line":26,"column":68}}]},"10":{"loc":{"start":{"line":27,"column":25},"end":{"line":27,"column":65}},"type":"binary-expr","locations":[{"start":{"line":27,"column":25},"end":{"line":27,"column":43}},{"start":{"line":27,"column":47},"end":{"line":27,"column":65}}]},"11":{"loc":{"start":{"line":28,"column":21},"end":{"line":28,"column":53}},"type":"binary-expr","locations":[{"start":{"line":28,"column":21},"end":{"line":28,"column":35}},{"start":{"line":28,"column":39},"end":{"line":28,"column":53}}]},"12":{"loc":{"start":{"line":29,"column":22},"end":{"line":29,"column":56}},"type":"binary-expr","locations":[{"start":{"line":29,"column":22},"end":{"line":29,"column":37}},{"start":{"line":29,"column":41},"end":{"line":29,"column":56}}]},"13":{"loc":{"start":{"line":32,"column":4},"end":{"line":40,"column":15}},"type":"binary-expr","locations":[{"start":{"line":32,"column":4},"end":{"line":32,"column":16}},{"start":{"line":33,"column":4},"end":{"line":33,"column":16}},{"start":{"line":34,"column":4},"end":{"line":34,"column":13}},{"start":{"line":35,"column":4},"end":{"line":35,"column":17}},{"start":{"line":36,"column":4},"end":{"line":36,"column":14}},{"start":{"line":37,"column":4},"end":{"line":37,"column":19}},{"start":{"line":38,"column":4},"end":{"line":38,"column":18}},{"start":{"line":39,"column":4},"end":{"line":39,"column":14}},{"start":{"line":40,"column":4},"end":{"line":40,"column":15}}]},"14":{"loc":{"start":{"line":50,"column":9},"end":{"line":50,"column":37}},"type":"binary-expr","locations":[{"start":{"line":50,"column":9},"end":{"line":50,"column":21}},{"start":{"line":50,"column":25},"end":{"line":50,"column":37}}]},"15":{"loc":{"start":{"line":55,"column":21},"end":{"line":55,"column":64}},"type":"binary-expr","locations":[{"start":{"line":55,"column":21},"end":{"line":55,"column":46}},{"start":{"line":55,"column":50},"end":{"line":55,"column":64}}]},"16":{"loc":{"start":{"line":56,"column":21},"end":{"line":56,"column":64}},"type":"binary-expr","locations":[{"start":{"line":56,"column":21},"end":{"line":56,"column":46}},{"start":{"line":56,"column":50},"end":{"line":56,"column":64}}]},"17":{"loc":{"start":{"line":58,"column":9},"end":{"line":58,"column":33}},"type":"binary-expr","locations":[{"start":{"line":58,"column":9},"end":{"line":58,"column":19}},{"start":{"line":58,"column":23},"end":{"line":58,"column":33}}]},"18":{"loc":{"start":{"line":66,"column":2},"end":{"line":66,"column":71}},"type":"if","locations":[{"start":{"line":66,"column":2},"end":{"line":66,"column":71}}]},"19":{"loc":{"start":{"line":71,"column":22},"end":{"line":71,"column":66}},"type":"binary-expr","locations":[{"start":{"line":71,"column":22},"end":{"line":71,"column":42}},{"start":{"line":71,"column":46},"end":{"line":71,"column":66}}]},"20":{"loc":{"start":{"line":73,"column":4},"end":{"line":76,"column":18}},"type":"binary-expr","locations":[{"start":{"line":73,"column":4},"end":{"line":73,"column":29}},{"start":{"line":74,"column":4},"end":{"line":74,"column":18}},{"start":{"line":75,"column":4},"end":{"line":75,"column":29}},{"start":{"line":76,"column":4},"end":{"line":76,"column":18}}]},"21":{"loc":{"start":{"line":78,"column":2},"end":{"line":115,"column":3}},"type":"if","locations":[{"start":{"line":78,"column":2},"end":{"line":115,"column":3}}]},"22":{"loc":{"start":{"line":78,"column":6},"end":{"line":78,"column":33}},"type":"binary-expr","locations":[{"start":{"line":78,"column":6},"end":{"line":78,"column":18}},{"start":{"line":78,"column":22},"end":{"line":78,"column":33}}]},"23":{"loc":{"start":{"line":83,"column":4},"end":{"line":83,"column":36}},"type":"if","locations":[{"start":{"line":83,"column":4},"end":{"line":83,"column":36}}]},"24":{"loc":{"start":{"line":93,"column":6},"end":{"line":95,"column":7}},"type":"if","locations":[{"start":{"line":93,"column":6},"end":{"line":95,"column":7}}]},"25":{"loc":{"start":{"line":93,"column":10},"end":{"line":93,"column":42}},"type":"binary-expr","locations":[{"start":{"line":93,"column":10},"end":{"line":93,"column":18}},{"start":{"line":93,"column":22},"end":{"line":93,"column":42}}]},"26":{"loc":{"start":{"line":99,"column":8},"end":{"line":99,"column":77}},"type":"cond-expr","locations":[{"start":{"line":99,"column":29},"end":{"line":99,"column":65}},{"start":{"line":99,"column":68},"end":{"line":99,"column":77}}]},"27":{"loc":{"start":{"line":101,"column":6},"end":{"line":110,"column":7}},"type":"if","locations":[{"start":{"line":101,"column":6},"end":{"line":110,"column":7}},{"start":{"line":108,"column":13},"end":{"line":110,"column":7}}]},"28":{"loc":{"start":{"line":102,"column":8},"end":{"line":103,"column":42}},"type":"binary-expr","locations":[{"start":{"line":102,"column":8},"end":{"line":102,"column":41}},{"start":{"line":103,"column":8},"end":{"line":103,"column":42}}]},"29":{"loc":{"start":{"line":105,"column":8},"end":{"line":107,"column":9}},"type":"if","locations":[{"start":{"line":105,"column":8},"end":{"line":107,"column":9}}]},"30":{"loc":{"start":{"line":108,"column":13},"end":{"line":110,"column":7}},"type":"if","locations":[{"start":{"line":108,"column":13},"end":{"line":110,"column":7}}]}},"s":{"0":62,"1":62,"2":62,"3":62,"4":62,"5":62,"6":62,"7":62,"8":62,"9":62,"10":62,"11":62,"12":62,"13":62,"14":62,"15":24,"16":24,"17":24,"18":22,"19":22,"20":22,"21":42,"22":8,"23":34,"24":34,"25":34,"26":18,"27":18,"28":18,"29":18,"30":2,"31":16,"32":16,"33":26,"34":26,"35":26,"36":2,"37":24,"38":24,"39":4,"40":2,"41":20,"42":6,"43":6,"44":16,"45":1},"f":{"0":62,"1":24,"2":22,"3":42},"b":{"0":[62,3],"1":[62,27],"2":[62,3],"3":[62,27],"4":[62,2],"5":[62,23],"6":[62,3],"7":[62,23,1],"8":[62,5],"9":[62,4],"10":[62,2],"11":[62,2],"12":[62,1],"13":[62,61,45,44,42,41,40,40,40],"14":[24,2],"15":[22,2],"16":[22,2],"17":[22,2],"18":[8],"19":[34,8],"20":[34,24,20,19],"21":[18],"22":[34,16],"23":[2],"24":[2],"25":[26,26],"26":[24,0],"27":[4,20],"28":[24,22],"29":[2],"30":[6]}}
}
