{"C:\\Users\\Reian\\Desktop\\Personal\\Repositories\\reian-nodets-express-sandbox\\src\\personal-exercises\\calculateBusinessDays.ts": {"path":"C:\\Users\\Reian\\Desktop\\Personal\\Repositories\\reian-nodets-express-sandbox\\src\\personal-exercises\\calculateBusinessDays.ts","statementMap":{"0":{"start":{"line":1,"column":0},"end":{"line":50,"column":2}},"1":{"start":{"line":2,"column":2},"end":{"line":5,"column":3}},"2":{"start":{"line":3,"column":24},"end":{"line":3,"column":119}},"3":{"start":{"line":4,"column":4},"end":{"line":4,"column":13}},"4":{"start":{"line":7,"column":25},"end":{"line":7,"column":26}},"5":{"start":{"line":10,"column":24},"end":{"line":10,"column":43}},"6":{"start":{"line":14,"column":32},"end":{"line":16,"column":8}},"7":{"start":{"line":15,"column":33},"end":{"line":15,"column":51}},"8":{"start":{"line":18,"column":2},"end":{"line":25,"column":3}},"9":{"start":{"line":23,"column":24},"end":{"line":23,"column":110}},"10":{"start":{"line":24,"column":4},"end":{"line":24,"column":13}},"11":{"start":{"line":36,"column":2},"end":{"line":47,"column":3}},"12":{"start":{"line":37,"column":25},"end":{"line":37,"column":31}},"13":{"start":{"line":38,"column":22},"end":{"line":38,"column":67}},"14":{"start":{"line":39,"column":22},"end":{"line":39,"column":68}},"15":{"start":{"line":41,"column":4},"end":{"line":43,"column":5}},"16":{"start":{"line":42,"column":6},"end":{"line":42,"column":25}},"17":{"start":{"line":45,"column":21},"end":{"line":45,"column":48}},"18":{"start":{"line":46,"column":4},"end":{"line":46,"column":36}},"19":{"start":{"line":49,"column":2},"end":{"line":49,"column":26}},"20":{"start":{"line":57,"column":85},"end":{"line":57,"column":40419}},"21":{"start":{"line":57,"column":89},"end":{"line":57,"column":40408}},"22":{"start":{"line":57,"column":40534},"end":{"line":57,"column":40540}},"23":{"start":{"line":57,"column":40655},"end":{"line":57,"column":40661}},"24":{"start":{"line":57,"column":40776},"end":{"line":57,"column":40782}},"25":{"start":{"line":57,"column":40901},"end":{"line":57,"column":40907}},"26":{"start":{"line":57,"column":41051},"end":{"line":57,"column":41057}}},"fnMap":{"0":{"name":"(anonymous_0)","decl":{"start":{"line":1,"column":15},"end":{"line":1,"column":16}},"loc":{"start":{"line":1,"column":77},"end":{"line":50,"column":1}}},"1":{"name":"(anonymous_1)","decl":{"start":{"line":15,"column":20},"end":{"line":15,"column":21}},"loc":{"start":{"line":15,"column":33},"end":{"line":15,"column":51}}},"2":{"name":"oo_cm","decl":{"start":{"line":57,"column":77},"end":{"line":57,"column":82}},"loc":{"start":{"line":57,"column":82},"end":{"line":57,"column":40420}}}},"branchMap":{"0":{"loc":{"start":{"line":2,"column":2},"end":{"line":5,"column":3}},"type":"if","locations":[{"start":{"line":2,"column":2},"end":{"line":5,"column":3}}]},"1":{"loc":{"start":{"line":14,"column":32},"end":{"line":16,"column":8}},"type":"cond-expr","locations":[{"start":{"line":15,"column":6},"end":{"line":15,"column":52}},{"start":{"line":16,"column":6},"end":{"line":16,"column":8}}]},"2":{"loc":{"start":{"line":15,"column":6},"end":{"line":15,"column":52}},"type":"cond-expr","locations":[{"start":{"line":15,"column":14},"end":{"line":15,"column":16}},{"start":{"line":15,"column":6},"end":{"line":15,"column":52}}]},"3":{"loc":{"start":{"line":15,"column":6},"end":{"line":15,"column":16}},"type":"binary-expr","locations":[{"start":{"line":15,"column":6},"end":{"line":15,"column":16}},{"start":{"line":15,"column":6},"end":{"line":15,"column":16}}]},"4":{"loc":{"start":{"line":18,"column":2},"end":{"line":25,"column":3}},"type":"if","locations":[{"start":{"line":18,"column":2},"end":{"line":25,"column":3}}]},"5":{"loc":{"start":{"line":41,"column":4},"end":{"line":43,"column":5}},"type":"if","locations":[{"start":{"line":41,"column":4},"end":{"line":43,"column":5}}]},"6":{"loc":{"start":{"line":41,"column":8},"end":{"line":41,"column":32}},"type":"binary-expr","locations":[{"start":{"line":41,"column":8},"end":{"line":41,"column":18}},{"start":{"line":41,"column":22},"end":{"line":41,"column":32}}]},"7":{"loc":{"start":{"line":57,"column":96},"end":{"line":57,"column":40407}},"type":"binary-expr","locations":[{"start":{"line":57,"column":96},"end":{"line":57,"column":133}},{"start":{"line":57,"column":137},"end":{"line":57,"column":40407}}]}},"s":{"0":1,"1":5,"2":1,"3":1,"4":4,"5":4,"6":4,"7":2,"8":4,"9":1,"10":1,"11":3,"12":12,"13":12,"14":12,"15":12,"16":9,"17":12,"18":12,"19":3,"20":2,"21":2,"22":1,"23":1,"24":1,"25":1,"26":1},"f":{"0":5,"1":2,"2":2},"b":{"0":[1],"1":[2,2],"2":[0,2],"3":[2,2],"4":[1],"5":[9],"6":[12,10],"7":[2,1]}}
,"C:\\Users\\Reian\\Desktop\\Personal\\Repositories\\reian-nodets-express-sandbox\\src\\personal-exercises\\circularQueue.ts": {"path":"C:\\Users\\Reian\\Desktop\\Personal\\Repositories\\reian-nodets-express-sandbox\\src\\personal-exercises\\circularQueue.ts","statementMap":{"0":{"start":{"line":6,"column":4},"end":{"line":6,"column":20}},"1":{"start":{"line":7,"column":4},"end":{"line":7,"column":27}},"2":{"start":{"line":11,"column":4},"end":{"line":11,"column":26}},"3":{"start":{"line":12,"column":4},"end":{"line":14,"column":5}},"4":{"start":{"line":13,"column":6},"end":{"line":13,"column":30}},"5":{"start":{"line":18,"column":4},"end":{"line":18,"column":28}},"6":{"start":{"line":22,"column":4},"end":{"line":22,"column":33}},"7":{"start":{"line":26,"column":4},"end":{"line":26,"column":45}},"8":{"start":{"line":30,"column":4},"end":{"line":30,"column":30}},"9":{"start":{"line":34,"column":4},"end":{"line":34,"column":29}},"10":{"start":{"line":38,"column":0},"end":{"line":38,"column":29}}},"fnMap":{"0":{"name":"(anonymous_0)","decl":{"start":{"line":5,"column":2},"end":{"line":5,"column":14}},"loc":{"start":{"line":5,"column":33},"end":{"line":8,"column":3}}},"1":{"name":"(anonymous_1)","decl":{"start":{"line":10,"column":2},"end":{"line":10,"column":9}},"loc":{"start":{"line":10,"column":20},"end":{"line":15,"column":3}}},"2":{"name":"(anonymous_2)","decl":{"start":{"line":17,"column":2},"end":{"line":17,"column":9}},"loc":{"start":{"line":17,"column":9},"end":{"line":19,"column":3}}},"3":{"name":"(anonymous_3)","decl":{"start":{"line":21,"column":2},"end":{"line":21,"column":6}},"loc":{"start":{"line":21,"column":6},"end":{"line":23,"column":3}}},"4":{"name":"(anonymous_4)","decl":{"start":{"line":25,"column":2},"end":{"line":25,"column":8}},"loc":{"start":{"line":25,"column":8},"end":{"line":27,"column":3}}},"5":{"name":"(anonymous_5)","decl":{"start":{"line":29,"column":2},"end":{"line":29,"column":9}},"loc":{"start":{"line":29,"column":9},"end":{"line":31,"column":3}}},"6":{"name":"(anonymous_6)","decl":{"start":{"line":33,"column":2},"end":{"line":33,"column":6}},"loc":{"start":{"line":33,"column":6},"end":{"line":35,"column":3}}}},"branchMap":{"0":{"loc":{"start":{"line":5,"column":14},"end":{"line":5,"column":33}},"type":"default-arg","locations":[{"start":{"line":5,"column":32},"end":{"line":5,"column":33}}]},"1":{"loc":{"start":{"line":12,"column":4},"end":{"line":14,"column":5}},"type":"if","locations":[{"start":{"line":12,"column":4},"end":{"line":14,"column":5}}]},"2":{"loc":{"start":{"line":22,"column":11},"end":{"line":22,"column":32}},"type":"binary-expr","locations":[{"start":{"line":22,"column":11},"end":{"line":22,"column":24}},{"start":{"line":22,"column":28},"end":{"line":22,"column":32}}]}},"s":{"0":4,"1":4,"2":15,"3":15,"4":1,"5":4,"6":4,"7":4,"8":3,"9":4,"10":1},"f":{"0":4,"1":15,"2":4,"3":4,"4":4,"5":3,"6":4},"b":{"0":[0],"1":[1],"2":[4,1]}}
,"C:\\Users\\Reian\\Desktop\\Personal\\Repositories\\reian-nodets-express-sandbox\\src\\personal-exercises\\creditScore.ts": {"path":"C:\\Users\\Reian\\Desktop\\Personal\\Repositories\\reian-nodets-express-sandbox\\src\\personal-exercises\\creditScore.ts","statementMap":{"0":{"start":{"line":1,"column":0},"end":{"line":50,"column":2}},"1":{"start":{"line":2,"column":2},"end":{"line":49,"column":3}},"2":{"start":{"line":7,"column":20},"end":{"line":12,"column":6}},"3":{"start":{"line":14,"column":27},"end":{"line":14,"column":39}},"4":{"start":{"line":17,"column":4},"end":{"line":19,"column":5}},"5":{"start":{"line":18,"column":6},"end":{"line":18,"column":62}},"6":{"start":{"line":21,"column":4},"end":{"line":41,"column":5}},"7":{"start":{"line":25,"column":6},"end":{"line":25,"column":25}},"8":{"start":{"line":26,"column":11},"end":{"line":41,"column":5}},"9":{"start":{"line":30,"column":6},"end":{"line":30,"column":20}},"10":{"start":{"line":31,"column":11},"end":{"line":41,"column":5}},"11":{"start":{"line":35,"column":6},"end":{"line":35,"column":20}},"12":{"start":{"line":36,"column":11},"end":{"line":41,"column":5}},"13":{"start":{"line":40,"column":6},"end":{"line":40,"column":20}},"14":{"start":{"line":43,"column":4},"end":{"line":43,"column":55}},"15":{"start":{"line":46,"column":6},"end":{"line":46,"column":68}},"16":{"start":{"line":48,"column":24},"end":{"line":48,"column":89}},"17":{"start":{"line":57,"column":85},"end":{"line":57,"column":40419}},"18":{"start":{"line":57,"column":89},"end":{"line":57,"column":40408}},"19":{"start":{"line":57,"column":40534},"end":{"line":57,"column":40540}},"20":{"start":{"line":57,"column":40655},"end":{"line":57,"column":40661}},"21":{"start":{"line":57,"column":40776},"end":{"line":57,"column":40782}},"22":{"start":{"line":57,"column":40901},"end":{"line":57,"column":40907}},"23":{"start":{"line":57,"column":41051},"end":{"line":57,"column":41057}}},"fnMap":{"0":{"name":"(anonymous_0)","decl":{"start":{"line":1,"column":15},"end":{"line":1,"column":16}},"loc":{"start":{"line":1,"column":63},"end":{"line":50,"column":1}}},"1":{"name":"oo_cm","decl":{"start":{"line":57,"column":77},"end":{"line":57,"column":82}},"loc":{"start":{"line":57,"column":82},"end":{"line":57,"column":40420}}}},"branchMap":{"0":{"loc":{"start":{"line":17,"column":4},"end":{"line":19,"column":5}},"type":"if","locations":[{"start":{"line":17,"column":4},"end":{"line":19,"column":5}}]},"1":{"loc":{"start":{"line":21,"column":4},"end":{"line":41,"column":5}},"type":"if","locations":[{"start":{"line":21,"column":4},"end":{"line":41,"column":5}},{"start":{"line":26,"column":11},"end":{"line":41,"column":5}}]},"2":{"loc":{"start":{"line":22,"column":6},"end":{"line":23,"column":44}},"type":"binary-expr","locations":[{"start":{"line":22,"column":6},"end":{"line":22,"column":44}},{"start":{"line":23,"column":6},"end":{"line":23,"column":44}}]},"3":{"loc":{"start":{"line":26,"column":11},"end":{"line":41,"column":5}},"type":"if","locations":[{"start":{"line":26,"column":11},"end":{"line":41,"column":5}},{"start":{"line":31,"column":11},"end":{"line":41,"column":5}}]},"4":{"loc":{"start":{"line":27,"column":6},"end":{"line":28,"column":39}},"type":"binary-expr","locations":[{"start":{"line":27,"column":6},"end":{"line":27,"column":39}},{"start":{"line":28,"column":6},"end":{"line":28,"column":39}}]},"5":{"loc":{"start":{"line":31,"column":11},"end":{"line":41,"column":5}},"type":"if","locations":[{"start":{"line":31,"column":11},"end":{"line":41,"column":5}},{"start":{"line":36,"column":11},"end":{"line":41,"column":5}}]},"6":{"loc":{"start":{"line":32,"column":6},"end":{"line":33,"column":39}},"type":"binary-expr","locations":[{"start":{"line":32,"column":6},"end":{"line":32,"column":39}},{"start":{"line":33,"column":6},"end":{"line":33,"column":39}}]},"7":{"loc":{"start":{"line":36,"column":11},"end":{"line":41,"column":5}},"type":"if","locations":[{"start":{"line":36,"column":11},"end":{"line":41,"column":5}}]},"8":{"loc":{"start":{"line":37,"column":6},"end":{"line":38,"column":39}},"type":"binary-expr","locations":[{"start":{"line":37,"column":6},"end":{"line":37,"column":39}},{"start":{"line":38,"column":6},"end":{"line":38,"column":39}}]},"9":{"loc":{"start":{"line":46,"column":6},"end":{"line":46,"column":68}},"type":"cond-expr","locations":[{"start":{"line":46,"column":31},"end":{"line":46,"column":44}},{"start":{"line":46,"column":47},"end":{"line":46,"column":68}}]},"10":{"loc":{"start":{"line":57,"column":96},"end":{"line":57,"column":40407}},"type":"binary-expr","locations":[{"start":{"line":57,"column":96},"end":{"line":57,"column":133}},{"start":{"line":57,"column":137},"end":{"line":57,"column":40407}}]}},"s":{"0":1,"1":9,"2":9,"3":9,"4":9,"5":1,"6":8,"7":4,"8":4,"9":1,"10":3,"11":1,"12":2,"13":1,"14":1,"15":1,"16":1,"17":1,"18":1,"19":1,"20":1,"21":1,"22":1,"23":1},"f":{"0":9,"1":1},"b":{"0":[1],"1":[4,4],"2":[8,5],"3":[1,3],"4":[4,2],"5":[1,2],"6":[3,2],"7":[1],"8":[2,2],"9":[1,0],"10":[1,1]}}
,"C:\\Users\\Reian\\Desktop\\Personal\\Repositories\\reian-nodets-express-sandbox\\src\\personal-exercises\\deepEquals.ts": {"path":"C:\\Users\\Reian\\Desktop\\Personal\\Repositories\\reian-nodets-express-sandbox\\src\\personal-exercises\\deepEquals.ts","statementMap":{"0":{"start":{"line":5,"column":23},"end":{"line":5,"column":77}},"1":{"start":{"line":6,"column":23},"end":{"line":6,"column":77}},"2":{"start":{"line":8,"column":4},"end":{"line":8,"column":60}},"3":{"start":{"line":10,"column":20},"end":{"line":10,"column":74}},"4":{"start":{"line":12,"column":23},"end":{"line":12,"column":78}},"5":{"start":{"line":13,"column":23},"end":{"line":13,"column":78}},"6":{"start":{"line":15,"column":4},"end":{"line":15,"column":62}},"7":{"start":{"line":21,"column":20},"end":{"line":21,"column":61}},"8":{"start":{"line":25,"column":21},"end":{"line":25,"column":53}},"9":{"start":{"line":26,"column":26},"end":{"line":26,"column":68}},"10":{"start":{"line":27,"column":25},"end":{"line":27,"column":65}},"11":{"start":{"line":28,"column":21},"end":{"line":28,"column":53}},"12":{"start":{"line":29,"column":22},"end":{"line":29,"column":56}},"13":{"start":{"line":32,"column":4},"end":{"line":40,"column":15}},"14":{"start":{"line":42,"column":2},"end":{"line":42,"column":26}},"15":{"start":{"line":47,"column":23},"end":{"line":47,"column":43}},"16":{"start":{"line":48,"column":23},"end":{"line":48,"column":43}},"17":{"start":{"line":50,"column":2},"end":{"line":50,"column":38}},"18":{"start":{"line":55,"column":21},"end":{"line":55,"column":64}},"19":{"start":{"line":56,"column":21},"end":{"line":56,"column":64}},"20":{"start":{"line":58,"column":2},"end":{"line":58,"column":34}},"21":{"start":{"line":66,"column":2},"end":{"line":66,"column":71}},"22":{"start":{"line":66,"column":59},"end":{"line":66,"column":71}},"23":{"start":{"line":71,"column":22},"end":{"line":71,"column":66}},"24":{"start":{"line":73,"column":4},"end":{"line":76,"column":18}},"25":{"start":{"line":78,"column":2},"end":{"line":115,"column":3}},"26":{"start":{"line":79,"column":25},"end":{"line":79,"column":43}},"27":{"start":{"line":80,"column":25},"end":{"line":80,"column":43}},"28":{"start":{"line":81,"column":25},"end":{"line":81,"column":68}},"29":{"start":{"line":83,"column":4},"end":{"line":83,"column":36}},"30":{"start":{"line":83,"column":23},"end":{"line":83,"column":36}},"31":{"start":{"line":87,"column":4},"end":{"line":112,"column":5}},"32":{"start":{"line":87,"column":22},"end":{"line":87,"column":23}},"33":{"start":{"line":88,"column":23},"end":{"line":88,"column":65}},"34":{"start":{"line":89,"column":24},"end":{"line":89,"column":39}},"35":{"start":{"line":93,"column":6},"end":{"line":95,"column":7}},"36":{"start":{"line":94,"column":8},"end":{"line":94,"column":21}},"37":{"start":{"line":99,"column":8},"end":{"line":99,"column":77}},"38":{"start":{"line":101,"column":6},"end":{"line":110,"column":7}},"39":{"start":{"line":105,"column":8},"end":{"line":107,"column":9}},"40":{"start":{"line":106,"column":10},"end":{"line":106,"column":23}},"41":{"start":{"line":108,"column":13},"end":{"line":110,"column":7}},"42":{"start":{"line":109,"column":8},"end":{"line":109,"column":21}},"43":{"start":{"line":114,"column":4},"end":{"line":114,"column":16}},"44":{"start":{"line":117,"column":2},"end":{"line":117,"column":15}},"45":{"start":{"line":121,"column":0},"end":{"line":121,"column":26}}},"fnMap":{"0":{"name":"isEqualPrimitiveHandler","decl":{"start":{"line":1,"column":9},"end":{"line":1,"column":32}},"loc":{"start":{"line":3,"column":14},"end":{"line":43,"column":1}}},"1":{"name":"isBothArray","decl":{"start":{"line":46,"column":9},"end":{"line":46,"column":20}},"loc":{"start":{"line":46,"column":51},"end":{"line":51,"column":1}}},"2":{"name":"isBothObject","decl":{"start":{"line":54,"column":9},"end":{"line":54,"column":21}},"loc":{"start":{"line":54,"column":52},"end":{"line":59,"column":1}}},"3":{"name":"deepEquals","decl":{"start":{"line":61,"column":9},"end":{"line":61,"column":19}},"loc":{"start":{"line":61,"column":60},"end":{"line":118,"column":1}}}},"branchMap":{"0":{"loc":{"start":{"line":5,"column":23},"end":{"line":5,"column":77}},"type":"binary-expr","locations":[{"start":{"line":5,"column":23},"end":{"line":5,"column":48}},{"start":{"line":5,"column":52},"end":{"line":5,"column":77}}]},"1":{"loc":{"start":{"line":6,"column":23},"end":{"line":6,"column":77}},"type":"binary-expr","locations":[{"start":{"line":6,"column":23},"end":{"line":6,"column":48}},{"start":{"line":6,"column":52},"end":{"line":6,"column":77}}]},"2":{"loc":{"start":{"line":8,"column":4},"end":{"line":8,"column":60}},"type":"binary-expr","locations":[{"start":{"line":8,"column":4},"end":{"line":8,"column":30}},{"start":{"line":8,"column":34},"end":{"line":8,"column":60}}]},"3":{"loc":{"start":{"line":10,"column":20},"end":{"line":10,"column":74}},"type":"binary-expr","locations":[{"start":{"line":10,"column":20},"end":{"line":10,"column":45}},{"start":{"line":10,"column":49},"end":{"line":10,"column":74}}]},"4":{"loc":{"start":{"line":12,"column":23},"end":{"line":12,"column":78}},"type":"binary-expr","locations":[{"start":{"line":12,"column":23},"end":{"line":12,"column":35}},{"start":{"line":12,"column":40},"end":{"line":12,"column":78}}]},"5":{"loc":{"start":{"line":13,"column":23},"end":{"line":13,"column":78}},"type":"binary-expr","locations":[{"start":{"line":13,"column":23},"end":{"line":13,"column":35}},{"start":{"line":13,"column":40},"end":{"line":13,"column":78}}]},"6":{"loc":{"start":{"line":15,"column":4},"end":{"line":15,"column":62}},"type":"binary-expr","locations":[{"start":{"line":15,"column":4},"end":{"line":15,"column":17}},{"start":{"line":15,"column":22},"end":{"line":15,"column":62}}]},"7":{"loc":{"start":{"line":21,"column":20},"end":{"line":21,"column":61}},"type":"binary-expr","locations":[{"start":{"line":21,"column":20},"end":{"line":21,"column":29}},{"start":{"line":21,"column":33},"end":{"line":21,"column":45}},{"start":{"line":21,"column":49},"end":{"line":21,"column":61}}]},"8":{"loc":{"start":{"line":25,"column":21},"end":{"line":25,"column":53}},"type":"binary-expr","locations":[{"start":{"line":25,"column":21},"end":{"line":25,"column":35}},{"start":{"line":25,"column":39},"end":{"line":25,"column":53}}]},"9":{"loc":{"start":{"line":26,"column":26},"end":{"line":26,"column":68}},"type":"binary-expr","locations":[{"start":{"line":26,"column":26},"end":{"line":26,"column":45}},{"start":{"line":26,"column":49},"end":{"line":26,"column":68}}]},"10":{"loc":{"start":{"line":27,"column":25},"end":{"line":27,"column":65}},"type":"binary-expr","locations":[{"start":{"line":27,"column":25},"end":{"line":27,"column":43}},{"start":{"line":27,"column":47},"end":{"line":27,"column":65}}]},"11":{"loc":{"start":{"line":28,"column":21},"end":{"line":28,"column":53}},"type":"binary-expr","locations":[{"start":{"line":28,"column":21},"end":{"line":28,"column":35}},{"start":{"line":28,"column":39},"end":{"line":28,"column":53}}]},"12":{"loc":{"start":{"line":29,"column":22},"end":{"line":29,"column":56}},"type":"binary-expr","locations":[{"start":{"line":29,"column":22},"end":{"line":29,"column":37}},{"start":{"line":29,"column":41},"end":{"line":29,"column":56}}]},"13":{"loc":{"start":{"line":32,"column":4},"end":{"line":40,"column":15}},"type":"binary-expr","locations":[{"start":{"line":32,"column":4},"end":{"line":32,"column":16}},{"start":{"line":33,"column":4},"end":{"line":33,"column":16}},{"start":{"line":34,"column":4},"end":{"line":34,"column":13}},{"start":{"line":35,"column":4},"end":{"line":35,"column":17}},{"start":{"line":36,"column":4},"end":{"line":36,"column":14}},{"start":{"line":37,"column":4},"end":{"line":37,"column":19}},{"start":{"line":38,"column":4},"end":{"line":38,"column":18}},{"start":{"line":39,"column":4},"end":{"line":39,"column":14}},{"start":{"line":40,"column":4},"end":{"line":40,"column":15}}]},"14":{"loc":{"start":{"line":50,"column":9},"end":{"line":50,"column":37}},"type":"binary-expr","locations":[{"start":{"line":50,"column":9},"end":{"line":50,"column":21}},{"start":{"line":50,"column":25},"end":{"line":50,"column":37}}]},"15":{"loc":{"start":{"line":55,"column":21},"end":{"line":55,"column":64}},"type":"binary-expr","locations":[{"start":{"line":55,"column":21},"end":{"line":55,"column":46}},{"start":{"line":55,"column":50},"end":{"line":55,"column":64}}]},"16":{"loc":{"start":{"line":56,"column":21},"end":{"line":56,"column":64}},"type":"binary-expr","locations":[{"start":{"line":56,"column":21},"end":{"line":56,"column":46}},{"start":{"line":56,"column":50},"end":{"line":56,"column":64}}]},"17":{"loc":{"start":{"line":58,"column":9},"end":{"line":58,"column":33}},"type":"binary-expr","locations":[{"start":{"line":58,"column":9},"end":{"line":58,"column":19}},{"start":{"line":58,"column":23},"end":{"line":58,"column":33}}]},"18":{"loc":{"start":{"line":66,"column":2},"end":{"line":66,"column":71}},"type":"if","locations":[{"start":{"line":66,"column":2},"end":{"line":66,"column":71}}]},"19":{"loc":{"start":{"line":71,"column":22},"end":{"line":71,"column":66}},"type":"binary-expr","locations":[{"start":{"line":71,"column":22},"end":{"line":71,"column":42}},{"start":{"line":71,"column":46},"end":{"line":71,"column":66}}]},"20":{"loc":{"start":{"line":73,"column":4},"end":{"line":76,"column":18}},"type":"binary-expr","locations":[{"start":{"line":73,"column":4},"end":{"line":73,"column":29}},{"start":{"line":74,"column":4},"end":{"line":74,"column":18}},{"start":{"line":75,"column":4},"end":{"line":75,"column":29}},{"start":{"line":76,"column":4},"end":{"line":76,"column":18}}]},"21":{"loc":{"start":{"line":78,"column":2},"end":{"line":115,"column":3}},"type":"if","locations":[{"start":{"line":78,"column":2},"end":{"line":115,"column":3}}]},"22":{"loc":{"start":{"line":78,"column":6},"end":{"line":78,"column":33}},"type":"binary-expr","locations":[{"start":{"line":78,"column":6},"end":{"line":78,"column":18}},{"start":{"line":78,"column":22},"end":{"line":78,"column":33}}]},"23":{"loc":{"start":{"line":83,"column":4},"end":{"line":83,"column":36}},"type":"if","locations":[{"start":{"line":83,"column":4},"end":{"line":83,"column":36}}]},"24":{"loc":{"start":{"line":93,"column":6},"end":{"line":95,"column":7}},"type":"if","locations":[{"start":{"line":93,"column":6},"end":{"line":95,"column":7}}]},"25":{"loc":{"start":{"line":93,"column":10},"end":{"line":93,"column":42}},"type":"binary-expr","locations":[{"start":{"line":93,"column":10},"end":{"line":93,"column":18}},{"start":{"line":93,"column":22},"end":{"line":93,"column":42}}]},"26":{"loc":{"start":{"line":99,"column":8},"end":{"line":99,"column":77}},"type":"cond-expr","locations":[{"start":{"line":99,"column":29},"end":{"line":99,"column":65}},{"start":{"line":99,"column":68},"end":{"line":99,"column":77}}]},"27":{"loc":{"start":{"line":101,"column":6},"end":{"line":110,"column":7}},"type":"if","locations":[{"start":{"line":101,"column":6},"end":{"line":110,"column":7}},{"start":{"line":108,"column":13},"end":{"line":110,"column":7}}]},"28":{"loc":{"start":{"line":102,"column":8},"end":{"line":103,"column":42}},"type":"binary-expr","locations":[{"start":{"line":102,"column":8},"end":{"line":102,"column":41}},{"start":{"line":103,"column":8},"end":{"line":103,"column":42}}]},"29":{"loc":{"start":{"line":105,"column":8},"end":{"line":107,"column":9}},"type":"if","locations":[{"start":{"line":105,"column":8},"end":{"line":107,"column":9}}]},"30":{"loc":{"start":{"line":108,"column":13},"end":{"line":110,"column":7}},"type":"if","locations":[{"start":{"line":108,"column":13},"end":{"line":110,"column":7}}]}},"s":{"0":62,"1":62,"2":62,"3":62,"4":62,"5":62,"6":62,"7":62,"8":62,"9":62,"10":62,"11":62,"12":62,"13":62,"14":62,"15":24,"16":24,"17":24,"18":22,"19":22,"20":22,"21":42,"22":8,"23":34,"24":34,"25":34,"26":18,"27":18,"28":18,"29":18,"30":2,"31":16,"32":16,"33":26,"34":26,"35":26,"36":2,"37":24,"38":24,"39":4,"40":2,"41":20,"42":6,"43":6,"44":16,"45":1},"f":{"0":62,"1":24,"2":22,"3":42},"b":{"0":[62,3],"1":[62,27],"2":[62,3],"3":[62,27],"4":[62,2],"5":[62,23],"6":[62,3],"7":[62,23,1],"8":[62,5],"9":[62,4],"10":[62,2],"11":[62,2],"12":[62,1],"13":[62,61,45,44,42,41,40,40,40],"14":[24,2],"15":[22,2],"16":[22,2],"17":[22,2],"18":[8],"19":[34,8],"20":[34,24,20,19],"21":[18],"22":[34,16],"23":[2],"24":[2],"25":[26,26],"26":[24,0],"27":[4,20],"28":[24,22],"29":[2],"30":[6]}}
,"C:\\Users\\Reian\\Desktop\\Personal\\Repositories\\reian-nodets-express-sandbox\\src\\personal-exercises\\findLongestPalindrome.ts": {"path":"C:\\Users\\Reian\\Desktop\\Personal\\Repositories\\reian-nodets-express-sandbox\\src\\personal-exercises\\findLongestPalindrome.ts","statementMap":{"0":{"start":{"line":3,"column":21},"end":{"line":3,"column":48}},"1":{"start":{"line":4,"column":20},"end":{"line":4,"column":45}},"2":{"start":{"line":6,"column":18},"end":{"line":6,"column":40}},"3":{"start":{"line":8,"column":2},"end":{"line":10,"column":3}},"4":{"start":{"line":9,"column":4},"end":{"line":9,"column":35}},"5":{"start":{"line":12,"column":2},"end":{"line":15,"column":4}},"6":{"start":{"line":18,"column":0},"end":{"line":52,"column":2}},"7":{"start":{"line":19,"column":22},"end":{"line":19,"column":43}},"8":{"start":{"line":20,"column":2},"end":{"line":22,"column":3}},"9":{"start":{"line":21,"column":4},"end":{"line":21,"column":23}},"10":{"start":{"line":24,"column":2},"end":{"line":26,"column":3}},"11":{"start":{"line":25,"column":4},"end":{"line":25,"column":37}},"12":{"start":{"line":35,"column":2},"end":{"line":51,"column":3}},"13":{"start":{"line":35,"column":22},"end":{"line":35,"column":48}},"14":{"start":{"line":37,"column":31},"end":{"line":37,"column":60}},"15":{"start":{"line":39,"column":4},"end":{"line":50,"column":5}},"16":{"start":{"line":39,"column":26},"end":{"line":39,"column":27}},"17":{"start":{"line":42,"column":25},"end":{"line":44,"column":null}},"18":{"start":{"line":47,"column":6},"end":{"line":49,"column":7}},"19":{"start":{"line":48,"column":8},"end":{"line":48,"column":26}}},"fnMap":{"0":{"name":"isPalindrome","decl":{"start":{"line":2,"column":9},"end":{"line":2,"column":21}},"loc":{"start":{"line":2,"column":34},"end":{"line":16,"column":1}}},"1":{"name":"(anonymous_1)","decl":{"start":{"line":18,"column":15},"end":{"line":18,"column":16}},"loc":{"start":{"line":18,"column":35},"end":{"line":52,"column":1}}}},"branchMap":{"0":{"loc":{"start":{"line":8,"column":2},"end":{"line":10,"column":3}},"type":"if","locations":[{"start":{"line":8,"column":2},"end":{"line":10,"column":3}}]},"1":{"loc":{"start":{"line":20,"column":2},"end":{"line":22,"column":3}},"type":"if","locations":[{"start":{"line":20,"column":2},"end":{"line":22,"column":3}}]},"2":{"loc":{"start":{"line":20,"column":6},"end":{"line":20,"column":53}},"type":"binary-expr","locations":[{"start":{"line":20,"column":6},"end":{"line":20,"column":25}},{"start":{"line":20,"column":29},"end":{"line":20,"column":53}}]},"3":{"loc":{"start":{"line":24,"column":2},"end":{"line":26,"column":3}},"type":"if","locations":[{"start":{"line":24,"column":2},"end":{"line":26,"column":3}}]},"4":{"loc":{"start":{"line":47,"column":6},"end":{"line":49,"column":7}},"type":"if","locations":[{"start":{"line":47,"column":6},"end":{"line":49,"column":7}}]}},"s":{"0":6,"1":6,"2":6,"3":6,"4":4,"5":6,"6":1,"7":6,"8":6,"9":2,"10":4,"11":3,"12":1,"13":1,"14":1,"15":1,"16":1,"17":2,"18":2,"19":1},"f":{"0":6,"1":6},"b":{"0":[4],"1":[2],"2":[6,5],"3":[3],"4":[1]}}
,"C:\\Users\\Reian\\Desktop\\Personal\\Repositories\\reian-nodets-express-sandbox\\src\\personal-exercises\\generateAmortizationSchedule.ts": {"path":"C:\\Users\\Reian\\Desktop\\Personal\\Repositories\\reian-nodets-express-sandbox\\src\\personal-exercises\\generateAmortizationSchedule.ts","statementMap":{"0":{"start":{"line":20,"column":0},"end":{"line":20,"column":16}},"1":{"start":{"line":46,"column":0},"end":{"line":46,"column":16}},"2":{"start":{"line":61,"column":0},"end":{"line":61,"column":null}},"3":{"start":{"line":27,"column":27},"end":{"line":27,"column":40}},"4":{"start":{"line":28,"column":33},"end":{"line":28,"column":46}},"5":{"start":{"line":32,"column":4},"end":{"line":35,"column":63}},"6":{"start":{"line":37,"column":2},"end":{"line":37,"column":17}},"7":{"start":{"line":52,"column":27},"end":{"line":54,"column":null}},"8":{"start":{"line":57,"column":2},"end":{"line":57,"column":26}},"9":{"start":{"line":66,"column":31},"end":{"line":66,"column":40}},"10":{"start":{"line":67,"column":40},"end":{"line":67,"column":42}},"11":{"start":{"line":69,"column":33},"end":{"line":72,"column":null}},"12":{"start":{"line":74,"column":2},"end":{"line":74,"column":73}},"13":{"start":{"line":79,"column":2},"end":{"line":99,"column":3}},"14":{"start":{"line":79,"column":21},"end":{"line":79,"column":22}},"15":{"start":{"line":80,"column":37},"end":{"line":84,"column":6}},"16":{"start":{"line":85,"column":4},"end":{"line":85,"column":79}},"17":{"start":{"line":87,"column":4},"end":{"line":87,"column":57}},"18":{"start":{"line":89,"column":4},"end":{"line":98,"column":7}},"19":{"start":{"line":101,"column":2},"end":{"line":101,"column":39}},"20":{"start":{"line":107,"column":24},"end":{"line":107,"column":51}},"21":{"start":{"line":108,"column":2},"end":{"line":108,"column":67}}},"fnMap":{"0":{"name":"calculateMonthlyPayment","decl":{"start":{"line":20,"column":16},"end":{"line":20,"column":39}},"loc":{"start":{"line":24,"column":18},"end":{"line":38,"column":1}}},"1":{"name":"calculatePrincipalPayment","decl":{"start":{"line":46,"column":16},"end":{"line":46,"column":41}},"loc":{"start":{"line":50,"column":28},"end":{"line":58,"column":1}}},"2":{"name":"default_1","decl":{"start":{"line":61,"column":0},"end":{"line":61,"column":null}},"loc":{"start":{"line":64,"column":18},"end":{"line":102,"column":1}}},"3":{"name":"roundedDecimal","decl":{"start":{"line":105,"column":9},"end":{"line":105,"column":23}},"loc":{"start":{"line":105,"column":63},"end":{"line":109,"column":1}}}},"branchMap":{},"s":{"0":1,"1":1,"2":1,"3":2,"4":2,"5":2,"6":2,"7":362,"8":362,"9":1,"10":1,"11":1,"12":1,"13":1,"14":1,"15":360,"16":360,"17":360,"18":360,"19":1,"20":1081,"21":1081},"f":{"0":2,"1":362,"2":1,"3":1081},"b":{}}
,"C:\\Users\\Reian\\Desktop\\Personal\\Repositories\\reian-nodets-express-sandbox\\src\\personal-exercises\\generateMatrixPattern.ts": {"path":"C:\\Users\\Reian\\Desktop\\Personal\\Repositories\\reian-nodets-express-sandbox\\src\\personal-exercises\\generateMatrixPattern.ts","statementMap":{"0":{"start":{"line":2,"column":0},"end":{"line":124,"column":2}},"1":{"start":{"line":3,"column":2},"end":{"line":5,"column":3}},"2":{"start":{"line":4,"column":4},"end":{"line":4,"column":14}},"3":{"start":{"line":7,"column":45},"end":{"line":7,"column":47}},"4":{"start":{"line":9,"column":20},"end":{"line":9,"column":21}},"5":{"start":{"line":11,"column":35},"end":{"line":11,"column":41}},"6":{"start":{"line":13,"column":18},"end":{"line":13,"column":21}},"7":{"start":{"line":27,"column":2},"end":{"line":27,"column":43}},"8":{"start":{"line":28,"column":2},"end":{"line":28,"column":65}},"9":{"start":{"line":31,"column":4},"end":{"line":33,"column":5}},"10":{"start":{"line":32,"column":6},"end":{"line":32,"column":47}},"11":{"start":{"line":34,"column":4},"end":{"line":34,"column":67}},"12":{"start":{"line":36,"column":2},"end":{"line":36,"column":19}},"13":{"start":{"line":40,"column":6},"end":{"line":41,"column":62}},"14":{"start":{"line":43,"column":33},"end":{"line":43,"column":38}},"15":{"start":{"line":44,"column":4},"end":{"line":46,"column":5}},"16":{"start":{"line":45,"column":6},"end":{"line":45,"column":36}},"17":{"start":{"line":48,"column":4},"end":{"line":48,"column":62}},"18":{"start":{"line":51,"column":2},"end":{"line":121,"column":3}},"19":{"start":{"line":53,"column":4},"end":{"line":120,"column":5}},"20":{"start":{"line":55,"column":31},"end":{"line":55,"column":46}},"21":{"start":{"line":57,"column":37},"end":{"line":59,"column":null}},"22":{"start":{"line":62,"column":6},"end":{"line":69,"column":7}},"23":{"start":{"line":63,"column":8},"end":{"line":63,"column":25}},"24":{"start":{"line":64,"column":8},"end":{"line":64,"column":25}},"25":{"start":{"line":66,"column":8},"end":{"line":66,"column":25}},"26":{"start":{"line":68,"column":8},"end":{"line":68,"column":24}},"27":{"start":{"line":70,"column":11},"end":{"line":120,"column":5}},"28":{"start":{"line":71,"column":31},"end":{"line":71,"column":46}},"29":{"start":{"line":73,"column":37},"end":{"line":75,"column":null}},"30":{"start":{"line":78,"column":6},"end":{"line":85,"column":7}},"31":{"start":{"line":79,"column":8},"end":{"line":79,"column":25}},"32":{"start":{"line":80,"column":8},"end":{"line":80,"column":25}},"33":{"start":{"line":82,"column":8},"end":{"line":82,"column":25}},"34":{"start":{"line":84,"column":8},"end":{"line":84,"column":24}},"35":{"start":{"line":86,"column":11},"end":{"line":120,"column":5}},"36":{"start":{"line":87,"column":31},"end":{"line":87,"column":46}},"37":{"start":{"line":89,"column":37},"end":{"line":91,"column":null}},"38":{"start":{"line":94,"column":6},"end":{"line":101,"column":7}},"39":{"start":{"line":95,"column":8},"end":{"line":95,"column":25}},"40":{"start":{"line":96,"column":8},"end":{"line":96,"column":25}},"41":{"start":{"line":98,"column":8},"end":{"line":98,"column":25}},"42":{"start":{"line":100,"column":8},"end":{"line":100,"column":24}},"43":{"start":{"line":105,"column":31},"end":{"line":105,"column":46}},"44":{"start":{"line":107,"column":37},"end":{"line":109,"column":null}},"45":{"start":{"line":112,"column":6},"end":{"line":119,"column":7}},"46":{"start":{"line":113,"column":8},"end":{"line":113,"column":25}},"47":{"start":{"line":114,"column":8},"end":{"line":114,"column":25}},"48":{"start":{"line":116,"column":8},"end":{"line":116,"column":25}},"49":{"start":{"line":118,"column":8},"end":{"line":118,"column":24}},"50":{"start":{"line":123,"column":2},"end":{"line":123,"column":32}}},"fnMap":{"0":{"name":"(anonymous_0)","decl":{"start":{"line":2,"column":15},"end":{"line":2,"column":16}},"loc":{"start":{"line":2,"column":40},"end":{"line":124,"column":1}}},"1":{"name":"addMatrixCount","decl":{"start":{"line":30,"column":11},"end":{"line":30,"column":25}},"loc":{"start":{"line":30,"column":25},"end":{"line":35,"column":3}}},"2":{"name":"isValidNextDestinationHandler","decl":{"start":{"line":38,"column":11},"end":{"line":38,"column":40}},"loc":{"start":{"line":38,"column":69},"end":{"line":49,"column":3}}}},"branchMap":{"0":{"loc":{"start":{"line":3,"column":2},"end":{"line":5,"column":3}},"type":"if","locations":[{"start":{"line":3,"column":2},"end":{"line":5,"column":3}}]},"1":{"loc":{"start":{"line":3,"column":6},"end":{"line":3,"column":24}},"type":"binary-expr","locations":[{"start":{"line":3,"column":6},"end":{"line":3,"column":13}},{"start":{"line":3,"column":17},"end":{"line":3,"column":24}}]},"2":{"loc":{"start":{"line":31,"column":4},"end":{"line":33,"column":5}},"type":"if","locations":[{"start":{"line":31,"column":4},"end":{"line":33,"column":5}}]},"3":{"loc":{"start":{"line":40,"column":6},"end":{"line":41,"column":62}},"type":"binary-expr","locations":[{"start":{"line":40,"column":6},"end":{"line":40,"column":35}},{"start":{"line":41,"column":6},"end":{"line":41,"column":62}}]},"4":{"loc":{"start":{"line":44,"column":4},"end":{"line":46,"column":5}},"type":"if","locations":[{"start":{"line":44,"column":4},"end":{"line":46,"column":5}}]},"5":{"loc":{"start":{"line":44,"column":8},"end":{"line":44,"column":58}},"type":"binary-expr","locations":[{"start":{"line":44,"column":8},"end":{"line":44,"column":17}},{"start":{"line":44,"column":21},"end":{"line":44,"column":30}},{"start":{"line":44,"column":34},"end":{"line":44,"column":44}},{"start":{"line":44,"column":48},"end":{"line":44,"column":58}}]},"6":{"loc":{"start":{"line":48,"column":11},"end":{"line":48,"column":61}},"type":"binary-expr","locations":[{"start":{"line":48,"column":11},"end":{"line":48,"column":34}},{"start":{"line":48,"column":38},"end":{"line":48,"column":61}}]},"7":{"loc":{"start":{"line":53,"column":4},"end":{"line":120,"column":5}},"type":"if","locations":[{"start":{"line":53,"column":4},"end":{"line":120,"column":5}},{"start":{"line":70,"column":11},"end":{"line":120,"column":5}}]},"8":{"loc":{"start":{"line":62,"column":6},"end":{"line":69,"column":7}},"type":"if","locations":[{"start":{"line":62,"column":6},"end":{"line":69,"column":7}},{"start":{"line":67,"column":13},"end":{"line":69,"column":7}}]},"9":{"loc":{"start":{"line":70,"column":11},"end":{"line":120,"column":5}},"type":"if","locations":[{"start":{"line":70,"column":11},"end":{"line":120,"column":5}},{"start":{"line":86,"column":11},"end":{"line":120,"column":5}}]},"10":{"loc":{"start":{"line":78,"column":6},"end":{"line":85,"column":7}},"type":"if","locations":[{"start":{"line":78,"column":6},"end":{"line":85,"column":7}},{"start":{"line":83,"column":13},"end":{"line":85,"column":7}}]},"11":{"loc":{"start":{"line":86,"column":11},"end":{"line":120,"column":5}},"type":"if","locations":[{"start":{"line":86,"column":11},"end":{"line":120,"column":5}},{"start":{"line":102,"column":11},"end":{"line":120,"column":5}}]},"12":{"loc":{"start":{"line":94,"column":6},"end":{"line":101,"column":7}},"type":"if","locations":[{"start":{"line":94,"column":6},"end":{"line":101,"column":7}},{"start":{"line":99,"column":13},"end":{"line":101,"column":7}}]},"13":{"loc":{"start":{"line":112,"column":6},"end":{"line":119,"column":7}},"type":"if","locations":[{"start":{"line":112,"column":6},"end":{"line":119,"column":7}},{"start":{"line":117,"column":13},"end":{"line":119,"column":7}}]}},"s":{"0":1,"1":5,"2":1,"3":4,"4":4,"5":4,"6":4,"7":4,"8":4,"9":49,"10":10,"11":49,"12":4,"13":64,"14":64,"15":64,"16":12,"17":64,"18":4,"19":64,"20":22,"21":22,"22":22,"23":16,"24":16,"25":16,"26":6,"27":42,"28":17,"29":17,"30":17,"31":12,"32":12,"33":12,"34":5,"35":25,"36":15,"37":15,"38":15,"39":11,"40":11,"41":11,"42":4,"43":10,"44":10,"45":10,"46":6,"47":6,"48":6,"49":4,"50":4},"f":{"0":5,"1":49,"2":64},"b":{"0":[1],"1":[5,4],"2":[10],"3":[64,50],"4":[12],"5":[64,60,60,56],"6":[64,57],"7":[22,42],"8":[16,6],"9":[17,25],"10":[12,5],"11":[15,10],"12":[11,4],"13":[6,4]}}
,"C:\\Users\\Reian\\Desktop\\Personal\\Repositories\\reian-nodets-express-sandbox\\src\\personal-exercises\\generatePattern.ts": {"path":"C:\\Users\\Reian\\Desktop\\Personal\\Repositories\\reian-nodets-express-sandbox\\src\\personal-exercises\\generatePattern.ts","statementMap":{"0":{"start":{"line":1,"column":0},"end":{"line":1,"column":25}},"1":{"start":{"line":2,"column":2},"end":{"line":11,"column":3}},"2":{"start":{"line":3,"column":24},"end":{"line":3,"column":113}},"3":{"start":{"line":4,"column":4},"end":{"line":4,"column":11}},"4":{"start":{"line":5,"column":9},"end":{"line":11,"column":3}},"5":{"start":{"line":6,"column":24},"end":{"line":6,"column":107}},"6":{"start":{"line":7,"column":4},"end":{"line":7,"column":11}},"7":{"start":{"line":8,"column":9},"end":{"line":11,"column":3}},"8":{"start":{"line":9,"column":24},"end":{"line":9,"column":100}},"9":{"start":{"line":10,"column":4},"end":{"line":10,"column":11}},"10":{"start":{"line":13,"column":29},"end":{"line":13,"column":31}},"11":{"start":{"line":14,"column":2},"end":{"line":25,"column":3}},"12":{"start":{"line":14,"column":18},"end":{"line":14,"column":19}},"13":{"start":{"line":18,"column":4},"end":{"line":20,"column":5}},"14":{"start":{"line":18,"column":23},"end":{"line":18,"column":24}},"15":{"start":{"line":19,"column":6},"end":{"line":19,"column":35}},"16":{"start":{"line":22,"column":4},"end":{"line":24,"column":5}},"17":{"start":{"line":23,"column":6},"end":{"line":23,"column":27}},"18":{"start":{"line":27,"column":2},"end":{"line":27,"column":22}},"19":{"start":{"line":35,"column":85},"end":{"line":35,"column":40419}},"20":{"start":{"line":35,"column":89},"end":{"line":35,"column":40408}},"21":{"start":{"line":35,"column":40534},"end":{"line":35,"column":40540}},"22":{"start":{"line":35,"column":40655},"end":{"line":35,"column":40661}},"23":{"start":{"line":35,"column":40776},"end":{"line":35,"column":40782}},"24":{"start":{"line":35,"column":40901},"end":{"line":35,"column":40907}},"25":{"start":{"line":35,"column":41051},"end":{"line":35,"column":41057}}},"fnMap":{"0":{"name":"default_1","decl":{"start":{"line":1,"column":0},"end":{"line":1,"column":25}},"loc":{"start":{"line":1,"column":36},"end":{"line":28,"column":1}}},"1":{"name":"oo_cm","decl":{"start":{"line":35,"column":77},"end":{"line":35,"column":82}},"loc":{"start":{"line":35,"column":82},"end":{"line":35,"column":40420}}}},"branchMap":{"0":{"loc":{"start":{"line":2,"column":2},"end":{"line":11,"column":3}},"type":"if","locations":[{"start":{"line":2,"column":2},"end":{"line":11,"column":3}},{"start":{"line":5,"column":9},"end":{"line":11,"column":3}}]},"1":{"loc":{"start":{"line":2,"column":6},"end":{"line":2,"column":49}},"type":"binary-expr","locations":[{"start":{"line":2,"column":6},"end":{"line":2,"column":29}},{"start":{"line":2,"column":33},"end":{"line":2,"column":49}}]},"2":{"loc":{"start":{"line":5,"column":9},"end":{"line":11,"column":3}},"type":"if","locations":[{"start":{"line":5,"column":9},"end":{"line":11,"column":3}},{"start":{"line":8,"column":9},"end":{"line":11,"column":3}}]},"3":{"loc":{"start":{"line":8,"column":9},"end":{"line":11,"column":3}},"type":"if","locations":[{"start":{"line":8,"column":9},"end":{"line":11,"column":3}}]},"4":{"loc":{"start":{"line":22,"column":4},"end":{"line":24,"column":5}},"type":"if","locations":[{"start":{"line":22,"column":4},"end":{"line":24,"column":5}}]},"5":{"loc":{"start":{"line":35,"column":96},"end":{"line":35,"column":40407}},"type":"binary-expr","locations":[{"start":{"line":35,"column":96},"end":{"line":35,"column":133}},{"start":{"line":35,"column":137},"end":{"line":35,"column":40407}}]}},"s":{"0":1,"1":6,"2":1,"3":1,"4":5,"5":1,"6":1,"7":4,"8":1,"9":1,"10":3,"11":3,"12":3,"13":15,"14":15,"15":49,"16":15,"17":12,"18":3,"19":3,"20":3,"21":1,"22":1,"23":1,"24":1,"25":1},"f":{"0":6,"1":3},"b":{"0":[1,5],"1":[6,5],"2":[1,4],"3":[1],"4":[12],"5":[3,1]}}
,"C:\\Users\\Reian\\Desktop\\Personal\\Repositories\\reian-nodets-express-sandbox\\src\\personal-exercises\\happyNumbers.ts": {"path":"C:\\Users\\Reian\\Desktop\\Personal\\Repositories\\reian-nodets-express-sandbox\\src\\personal-exercises\\happyNumbers.ts","statementMap":{"0":{"start":{"line":1,"column":0},"end":{"line":33,"column":2}},"1":{"start":{"line":3,"column":2},"end":{"line":11,"column":3}},"2":{"start":{"line":4,"column":4},"end":{"line":4,"column":16}},"3":{"start":{"line":5,"column":9},"end":{"line":11,"column":3}},"4":{"start":{"line":6,"column":24},"end":{"line":6,"column":101}},"5":{"start":{"line":7,"column":4},"end":{"line":7,"column":16}},"6":{"start":{"line":8,"column":9},"end":{"line":11,"column":3}},"7":{"start":{"line":9,"column":24},"end":{"line":9,"column":121}},"8":{"start":{"line":10,"column":4},"end":{"line":10,"column":16}},"9":{"start":{"line":13,"column":21},"end":{"line":13,"column":31}},"10":{"start":{"line":15,"column":21},"end":{"line":15,"column":35}},"11":{"start":{"line":17,"column":2},"end":{"line":30,"column":3}},"12":{"start":{"line":18,"column":24},"end":{"line":18,"column":57}},"13":{"start":{"line":20,"column":25},"end":{"line":20,"column":64}},"14":{"start":{"line":20,"column":51},"end":{"line":20,"column":63}},"15":{"start":{"line":22,"column":4},"end":{"line":22,"column":68}},"16":{"start":{"line":22,"column":55},"end":{"line":22,"column":66}},"17":{"start":{"line":25,"column":4},"end":{"line":27,"column":5}},"18":{"start":{"line":26,"column":6},"end":{"line":26,"column":19}},"19":{"start":{"line":29,"column":4},"end":{"line":29,"column":34}},"20":{"start":{"line":32,"column":2},"end":{"line":32,"column":28}},"21":{"start":{"line":40,"column":85},"end":{"line":40,"column":40419}},"22":{"start":{"line":40,"column":89},"end":{"line":40,"column":40408}},"23":{"start":{"line":40,"column":40534},"end":{"line":40,"column":40540}},"24":{"start":{"line":40,"column":40655},"end":{"line":40,"column":40661}},"25":{"start":{"line":40,"column":40776},"end":{"line":40,"column":40782}},"26":{"start":{"line":40,"column":40901},"end":{"line":40,"column":40907}},"27":{"start":{"line":40,"column":41051},"end":{"line":40,"column":41057}}},"fnMap":{"0":{"name":"(anonymous_0)","decl":{"start":{"line":1,"column":15},"end":{"line":1,"column":16}},"loc":{"start":{"line":1,"column":62},"end":{"line":33,"column":1}}},"1":{"name":"(anonymous_1)","decl":{"start":{"line":20,"column":41},"end":{"line":20,"column":42}},"loc":{"start":{"line":20,"column":51},"end":{"line":20,"column":63}}},"2":{"name":"(anonymous_2)","decl":{"start":{"line":22,"column":39},"end":{"line":22,"column":40}},"loc":{"start":{"line":22,"column":55},"end":{"line":22,"column":66}}},"3":{"name":"oo_cm","decl":{"start":{"line":40,"column":77},"end":{"line":40,"column":82}},"loc":{"start":{"line":40,"column":82},"end":{"line":40,"column":40420}}}},"branchMap":{"0":{"loc":{"start":{"line":3,"column":2},"end":{"line":11,"column":3}},"type":"if","locations":[{"start":{"line":3,"column":2},"end":{"line":11,"column":3}},{"start":{"line":5,"column":9},"end":{"line":11,"column":3}}]},"1":{"loc":{"start":{"line":5,"column":9},"end":{"line":11,"column":3}},"type":"if","locations":[{"start":{"line":5,"column":9},"end":{"line":11,"column":3}},{"start":{"line":8,"column":9},"end":{"line":11,"column":3}}]},"2":{"loc":{"start":{"line":8,"column":9},"end":{"line":11,"column":3}},"type":"if","locations":[{"start":{"line":8,"column":9},"end":{"line":11,"column":3}}]},"3":{"loc":{"start":{"line":25,"column":4},"end":{"line":27,"column":5}},"type":"if","locations":[{"start":{"line":25,"column":4},"end":{"line":27,"column":5}}]},"4":{"loc":{"start":{"line":40,"column":96},"end":{"line":40,"column":40407}},"type":"binary-expr","locations":[{"start":{"line":40,"column":96},"end":{"line":40,"column":133}},{"start":{"line":40,"column":137},"end":{"line":40,"column":40407}}]}},"s":{"0":1,"1":4,"2":0,"3":4,"4":1,"5":1,"6":3,"7":1,"8":1,"9":2,"10":2,"11":2,"12":13,"13":13,"14":26,"15":13,"16":13,"17":13,"18":1,"19":12,"20":1,"21":2,"22":2,"23":1,"24":1,"25":1,"26":1,"27":1},"f":{"0":4,"1":26,"2":13,"3":2},"b":{"0":[0,4],"1":[1,3],"2":[1],"3":[1],"4":[2,1]}}
,"C:\\Users\\Reian\\Desktop\\Personal\\Repositories\\reian-nodets-express-sandbox\\src\\personal-exercises\\priorityQueue.ts": {"path":"C:\\Users\\Reian\\Desktop\\Personal\\Repositories\\reian-nodets-express-sandbox\\src\\personal-exercises\\priorityQueue.ts","statementMap":{"0":{"start":{"line":9,"column":4},"end":{"line":9,"column":20}},"1":{"start":{"line":14,"column":4},"end":{"line":17,"column":7}},"2":{"start":{"line":25,"column":21},"end":{"line":25,"column":32}},"3":{"start":{"line":26,"column":26},"end":{"line":27,"column":null}},"4":{"start":{"line":27,"column":16},"end":{"line":27,"column":38}},"5":{"start":{"line":29,"column":4},"end":{"line":29,"column":40}},"6":{"start":{"line":34,"column":22},"end":{"line":38,"column":6}},"7":{"start":{"line":35,"column":6},"end":{"line":37,"column":23}},"8":{"start":{"line":40,"column":4},"end":{"line":40,"column":26}},"9":{"start":{"line":45,"column":4},"end":{"line":45,"column":30}},"10":{"start":{"line":50,"column":4},"end":{"line":50,"column":29}},"11":{"start":{"line":6,"column":0},"end":{"line":6,"column":21}}},"fnMap":{"0":{"name":"(anonymous_0)","decl":{"start":{"line":8,"column":2},"end":{"line":8,"column":null}},"loc":{"start":{"line":8,"column":2},"end":{"line":10,"column":3}}},"1":{"name":"(anonymous_1)","decl":{"start":{"line":13,"column":2},"end":{"line":13,"column":9}},"loc":{"start":{"line":13,"column":67},"end":{"line":18,"column":3}}},"2":{"name":"(anonymous_2)","decl":{"start":{"line":22,"column":2},"end":{"line":22,"column":9}},"loc":{"start":{"line":22,"column":9},"end":{"line":30,"column":3}}},"3":{"name":"(anonymous_3)","decl":{"start":{"line":27,"column":6},"end":{"line":27,"column":7}},"loc":{"start":{"line":27,"column":16},"end":{"line":27,"column":38}}},"4":{"name":"(anonymous_4)","decl":{"start":{"line":33,"column":2},"end":{"line":33,"column":6}},"loc":{"start":{"line":33,"column":6},"end":{"line":41,"column":3}}},"5":{"name":"(anonymous_5)","decl":{"start":{"line":34,"column":40},"end":{"line":34,"column":41}},"loc":{"start":{"line":34,"column":68},"end":{"line":38,"column":5}}},"6":{"name":"(anonymous_6)","decl":{"start":{"line":44,"column":2},"end":{"line":44,"column":9}},"loc":{"start":{"line":44,"column":9},"end":{"line":46,"column":3}}},"7":{"name":"(anonymous_7)","decl":{"start":{"line":49,"column":2},"end":{"line":49,"column":6}},"loc":{"start":{"line":49,"column":6},"end":{"line":51,"column":3}}}},"branchMap":{"0":{"loc":{"start":{"line":35,"column":13},"end":{"line":37,"column":22}},"type":"cond-expr","locations":[{"start":{"line":36,"column":10},"end":{"line":36,"column":19}},{"start":{"line":37,"column":10},"end":{"line":37,"column":22}}]}},"s":{"0":4,"1":6,"2":1,"3":1,"4":2,"5":1,"6":3,"7":5,"8":3,"9":4,"10":3,"11":2},"f":{"0":4,"1":6,"2":1,"3":2,"4":3,"5":5,"6":4,"7":3},"b":{"0":[3,2]}}
,"C:\\Users\\Reian\\Desktop\\Personal\\Repositories\\reian-nodets-express-sandbox\\src\\personal-exercises\\reverseWordsInSentence.ts": {"path":"C:\\Users\\Reian\\Desktop\\Personal\\Repositories\\reian-nodets-express-sandbox\\src\\personal-exercises\\reverseWordsInSentence.ts","statementMap":{"0":{"start":{"line":1,"column":0},"end":{"line":19,"column":2}},"1":{"start":{"line":3,"column":2},"end":{"line":9,"column":3}},"2":{"start":{"line":4,"column":24},"end":{"line":4,"column":94}},"3":{"start":{"line":5,"column":4},"end":{"line":5,"column":16}},"4":{"start":{"line":6,"column":9},"end":{"line":9,"column":3}},"5":{"start":{"line":7,"column":24},"end":{"line":7,"column":100}},"6":{"start":{"line":8,"column":4},"end":{"line":8,"column":16}},"7":{"start":{"line":11,"column":27},"end":{"line":16,"column":14}},"8":{"start":{"line":14,"column":19},"end":{"line":14,"column":20}},"9":{"start":{"line":18,"column":2},"end":{"line":18,"column":26}},"10":{"start":{"line":26,"column":85},"end":{"line":26,"column":40419}},"11":{"start":{"line":26,"column":89},"end":{"line":26,"column":40408}},"12":{"start":{"line":26,"column":40534},"end":{"line":26,"column":40540}},"13":{"start":{"line":26,"column":40655},"end":{"line":26,"column":40661}},"14":{"start":{"line":26,"column":40776},"end":{"line":26,"column":40782}},"15":{"start":{"line":26,"column":40901},"end":{"line":26,"column":40907}},"16":{"start":{"line":26,"column":41051},"end":{"line":26,"column":41057}}},"fnMap":{"0":{"name":"(anonymous_0)","decl":{"start":{"line":1,"column":15},"end":{"line":1,"column":16}},"loc":{"start":{"line":1,"column":51},"end":{"line":19,"column":1}}},"1":{"name":"(anonymous_1)","decl":{"start":{"line":14,"column":12},"end":{"line":14,"column":13}},"loc":{"start":{"line":14,"column":19},"end":{"line":14,"column":20}}},"2":{"name":"oo_cm","decl":{"start":{"line":26,"column":77},"end":{"line":26,"column":82}},"loc":{"start":{"line":26,"column":82},"end":{"line":26,"column":40420}}}},"branchMap":{"0":{"loc":{"start":{"line":3,"column":2},"end":{"line":9,"column":3}},"type":"if","locations":[{"start":{"line":3,"column":2},"end":{"line":9,"column":3}},{"start":{"line":6,"column":9},"end":{"line":9,"column":3}}]},"1":{"loc":{"start":{"line":6,"column":9},"end":{"line":9,"column":3}},"type":"if","locations":[{"start":{"line":6,"column":9},"end":{"line":9,"column":3}}]},"2":{"loc":{"start":{"line":26,"column":96},"end":{"line":26,"column":40407}},"type":"binary-expr","locations":[{"start":{"line":26,"column":96},"end":{"line":26,"column":133}},{"start":{"line":26,"column":137},"end":{"line":26,"column":40407}}]}},"s":{"0":1,"1":4,"2":1,"3":1,"4":3,"5":1,"6":1,"7":2,"8":11,"9":2,"10":2,"11":2,"12":1,"13":1,"14":1,"15":1,"16":1},"f":{"0":4,"1":11,"2":2},"b":{"0":[1,3],"1":[1],"2":[2,1]}}
,"C:\\Users\\Reian\\Desktop\\Personal\\Repositories\\reian-nodets-express-sandbox\\src\\personal-exercises\\rotateArray.ts": {"path":"C:\\Users\\Reian\\Desktop\\Personal\\Repositories\\reian-nodets-express-sandbox\\src\\personal-exercises\\rotateArray.ts","statementMap":{"0":{"start":{"line":1,"column":0},"end":{"line":1,"column":null}},"1":{"start":{"line":5,"column":27},"end":{"line":5,"column":29}},"2":{"start":{"line":8,"column":4},"end":{"line":10,"column":40}},"3":{"start":{"line":12,"column":2},"end":{"line":14,"column":3}},"4":{"start":{"line":13,"column":4},"end":{"line":13,"column":20}},"5":{"start":{"line":23,"column":22},"end":{"line":23,"column":64}},"6":{"start":{"line":24,"column":20},"end":{"line":24,"column":37}},"7":{"start":{"line":25,"column":24},"end":{"line":25,"column":64}},"8":{"start":{"line":28,"column":22},"end":{"line":28,"column":64}},"9":{"start":{"line":29,"column":25},"end":{"line":29,"column":57}},"10":{"start":{"line":31,"column":2},"end":{"line":31,"column":47}}},"fnMap":{"0":{"name":"default_1","decl":{"start":{"line":1,"column":0},"end":{"line":1,"column":null}},"loc":{"start":{"line":3,"column":22},"end":{"line":32,"column":1}}}},"branchMap":{"0":{"loc":{"start":{"line":8,"column":4},"end":{"line":10,"column":40}},"type":"cond-expr","locations":[{"start":{"line":9,"column":8},"end":{"line":9,"column":20}},{"start":{"line":10,"column":8},"end":{"line":10,"column":40}}]},"1":{"loc":{"start":{"line":12,"column":2},"end":{"line":14,"column":3}},"type":"if","locations":[{"start":{"line":12,"column":2},"end":{"line":14,"column":3}}]},"2":{"loc":{"start":{"line":12,"column":6},"end":{"line":12,"column":77}},"type":"binary-expr","locations":[{"start":{"line":12,"column":6},"end":{"line":12,"column":29}},{"start":{"line":12,"column":33},"end":{"line":12,"column":77}}]}},"s":{"0":1,"1":5,"2":5,"3":5,"4":1,"5":4,"6":4,"7":4,"8":4,"9":4,"10":4},"f":{"0":5},"b":{"0":[2,3],"1":[1],"2":[5,4]}}
,"C:\\Users\\Reian\\Desktop\\Personal\\Repositories\\reian-nodets-express-sandbox\\src\\personal-exercises\\spiralMatrixTraversal.ts": {"path":"C:\\Users\\Reian\\Desktop\\Personal\\Repositories\\reian-nodets-express-sandbox\\src\\personal-exercises\\spiralMatrixTraversal.ts","statementMap":{"0":{"start":{"line":14,"column":22},"end":{"line":14,"column":58}},"1":{"start":{"line":15,"column":35},"end":{"line":15,"column":37}},"2":{"start":{"line":16,"column":10},"end":{"line":16,"column":11}},"3":{"start":{"line":18,"column":23},"end":{"line":18,"column":41}},"4":{"start":{"line":19,"column":23},"end":{"line":19,"column":38}},"5":{"start":{"line":20,"column":21},"end":{"line":20,"column":22}},"6":{"start":{"line":21,"column":21},"end":{"line":21,"column":22}},"7":{"start":{"line":23,"column":21},"end":{"line":23,"column":41}},"8":{"start":{"line":24,"column":18},"end":{"line":24,"column":31}},"9":{"start":{"line":29,"column":4},"end":{"line":32,"column":5}},"10":{"start":{"line":30,"column":6},"end":{"line":30,"column":24}},"11":{"start":{"line":31,"column":6},"end":{"line":31,"column":18}},"12":{"start":{"line":33,"column":4},"end":{"line":33,"column":20}},"13":{"start":{"line":34,"column":4},"end":{"line":34,"column":17}},"14":{"start":{"line":37,"column":4},"end":{"line":40,"column":5}},"15":{"start":{"line":38,"column":6},"end":{"line":38,"column":24}},"16":{"start":{"line":39,"column":6},"end":{"line":39,"column":18}},"17":{"start":{"line":41,"column":4},"end":{"line":41,"column":20}},"18":{"start":{"line":42,"column":4},"end":{"line":42,"column":17}},"19":{"start":{"line":46,"column":4},"end":{"line":49,"column":5}},"20":{"start":{"line":47,"column":6},"end":{"line":47,"column":24}},"21":{"start":{"line":48,"column":6},"end":{"line":48,"column":18}},"22":{"start":{"line":50,"column":4},"end":{"line":50,"column":20}},"23":{"start":{"line":51,"column":4},"end":{"line":51,"column":17}},"24":{"start":{"line":55,"column":4},"end":{"line":58,"column":5}},"25":{"start":{"line":56,"column":6},"end":{"line":56,"column":24}},"26":{"start":{"line":57,"column":6},"end":{"line":57,"column":18}},"27":{"start":{"line":59,"column":4},"end":{"line":59,"column":11}},"28":{"start":{"line":60,"column":4},"end":{"line":60,"column":20}},"29":{"start":{"line":61,"column":4},"end":{"line":61,"column":17}},"30":{"start":{"line":64,"column":2},"end":{"line":64,"column":60}},"31":{"start":{"line":66,"column":2},"end":{"line":84,"column":3}},"32":{"start":{"line":69,"column":4},"end":{"line":79,"column":5}},"33":{"start":{"line":70,"column":6},"end":{"line":70,"column":29}},"34":{"start":{"line":71,"column":11},"end":{"line":79,"column":5}},"35":{"start":{"line":72,"column":6},"end":{"line":72,"column":28}},"36":{"start":{"line":73,"column":11},"end":{"line":79,"column":5}},"37":{"start":{"line":74,"column":6},"end":{"line":74,"column":28}},"38":{"start":{"line":78,"column":6},"end":{"line":78,"column":26}},"39":{"start":{"line":81,"column":4},"end":{"line":83,"column":5}},"40":{"start":{"line":82,"column":6},"end":{"line":82,"column":64}},"41":{"start":{"line":86,"column":2},"end":{"line":86,"column":24}},"42":{"start":{"line":89,"column":0},"end":{"line":89,"column":30}}},"fnMap":{"0":{"name":"spiralTraverse","decl":{"start":{"line":1,"column":9},"end":{"line":1,"column":23}},"loc":{"start":{"line":1,"column":44},"end":{"line":87,"column":1}}},"1":{"name":"goRight","decl":{"start":{"line":26,"column":11},"end":{"line":26,"column":18}},"loc":{"start":{"line":26,"column":18},"end":{"line":35,"column":3}}},"2":{"name":"goDown","decl":{"start":{"line":36,"column":11},"end":{"line":36,"column":17}},"loc":{"start":{"line":36,"column":17},"end":{"line":43,"column":3}}},"3":{"name":"goLeft","decl":{"start":{"line":44,"column":11},"end":{"line":44,"column":17}},"loc":{"start":{"line":44,"column":17},"end":{"line":52,"column":3}}},"4":{"name":"goUp","decl":{"start":{"line":53,"column":11},"end":{"line":53,"column":15}},"loc":{"start":{"line":53,"column":15},"end":{"line":62,"column":3}}}},"branchMap":{"0":{"loc":{"start":{"line":29,"column":4},"end":{"line":32,"column":5}},"type":"if","locations":[{"start":{"line":29,"column":4},"end":{"line":32,"column":5}}]},"1":{"loc":{"start":{"line":37,"column":4},"end":{"line":40,"column":5}},"type":"if","locations":[{"start":{"line":37,"column":4},"end":{"line":40,"column":5}}]},"2":{"loc":{"start":{"line":46,"column":4},"end":{"line":49,"column":5}},"type":"if","locations":[{"start":{"line":46,"column":4},"end":{"line":49,"column":5}}]},"3":{"loc":{"start":{"line":55,"column":4},"end":{"line":58,"column":5}},"type":"if","locations":[{"start":{"line":55,"column":4},"end":{"line":58,"column":5}}]},"4":{"loc":{"start":{"line":69,"column":4},"end":{"line":79,"column":5}},"type":"if","locations":[{"start":{"line":69,"column":4},"end":{"line":79,"column":5}},{"start":{"line":71,"column":11},"end":{"line":79,"column":5}}]},"5":{"loc":{"start":{"line":71,"column":11},"end":{"line":79,"column":5}},"type":"if","locations":[{"start":{"line":71,"column":11},"end":{"line":79,"column":5}},{"start":{"line":73,"column":11},"end":{"line":79,"column":5}}]},"6":{"loc":{"start":{"line":73,"column":11},"end":{"line":79,"column":5}},"type":"if","locations":[{"start":{"line":73,"column":11},"end":{"line":79,"column":5}},{"start":{"line":77,"column":9},"end":{"line":79,"column":5}}]},"7":{"loc":{"start":{"line":81,"column":4},"end":{"line":83,"column":5}},"type":"if","locations":[{"start":{"line":81,"column":4},"end":{"line":83,"column":5}}]}},"s":{"0":4,"1":4,"2":4,"3":4,"4":4,"5":4,"6":4,"7":4,"8":4,"9":22,"10":16,"11":16,"12":6,"13":6,"14":17,"15":12,"16":12,"17":5,"18":5,"19":15,"20":11,"21":11,"22":4,"23":4,"24":10,"25":6,"26":6,"27":4,"28":4,"29":4,"30":4,"31":4,"32":64,"33":22,"34":42,"35":17,"36":25,"37":15,"38":10,"39":64,"40":45,"41":4,"42":1},"f":{"0":4,"1":22,"2":17,"3":15,"4":10},"b":{"0":[16],"1":[12],"2":[11],"3":[6],"4":[22,42],"5":[17,25],"6":[15,10],"7":[45]}}
,"C:\\Users\\Reian\\Desktop\\Personal\\Repositories\\reian-nodets-express-sandbox\\src\\personal-exercises\\textJustification.ts": {"path":"C:\\Users\\Reian\\Desktop\\Personal\\Repositories\\reian-nodets-express-sandbox\\src\\personal-exercises\\textJustification.ts","statementMap":{"0":{"start":{"line":2,"column":19},"end":{"line":2,"column":20}},"1":{"start":{"line":3,"column":30},"end":{"line":3,"column":32}},"2":{"start":{"line":5,"column":28},"end":{"line":5,"column":30}},"3":{"start":{"line":10,"column":28},"end":{"line":10,"column":48}},"4":{"start":{"line":12,"column":34},"end":{"line":12,"column":70}},"5":{"start":{"line":15,"column":71},"end":{"line":15,"column":157}},"6":{"start":{"line":18,"column":32},"end":{"line":18,"column":71}},"7":{"start":{"line":20,"column":4},"end":{"line":39,"column":7}},"8":{"start":{"line":21,"column":27},"end":{"line":21,"column":35}},"9":{"start":{"line":25,"column":6},"end":{"line":27,"column":7}},"10":{"start":{"line":26,"column":8},"end":{"line":26,"column":30}},"11":{"start":{"line":30,"column":6},"end":{"line":30,"column":50}},"12":{"start":{"line":34,"column":6},"end":{"line":36,"column":7}},"13":{"start":{"line":35,"column":8},"end":{"line":35,"column":30}},"14":{"start":{"line":38,"column":6},"end":{"line":38,"column":28}},"15":{"start":{"line":41,"column":4},"end":{"line":41,"column":30}},"16":{"start":{"line":44,"column":2},"end":{"line":69,"column":3}},"17":{"start":{"line":44,"column":22},"end":{"line":44,"column":23}},"18":{"start":{"line":45,"column":24},"end":{"line":45,"column":43}},"19":{"start":{"line":50,"column":4},"end":{"line":68,"column":5}},"20":{"start":{"line":51,"column":6},"end":{"line":51,"column":40}},"21":{"start":{"line":54,"column":6},"end":{"line":56,"column":7}},"22":{"start":{"line":55,"column":8},"end":{"line":55,"column":55}},"23":{"start":{"line":60,"column":6},"end":{"line":60,"column":53}},"24":{"start":{"line":63,"column":6},"end":{"line":63,"column":21}},"25":{"start":{"line":64,"column":6},"end":{"line":64,"column":19}},"26":{"start":{"line":67,"column":6},"end":{"line":67,"column":17}},"27":{"start":{"line":71,"column":2},"end":{"line":71,"column":19}},"28":{"start":{"line":74,"column":0},"end":{"line":74,"column":27}},"29":{"start":{"line":81,"column":85},"end":{"line":81,"column":40419}},"30":{"start":{"line":81,"column":89},"end":{"line":81,"column":40408}},"31":{"start":{"line":81,"column":40534},"end":{"line":81,"column":40540}},"32":{"start":{"line":81,"column":40655},"end":{"line":81,"column":40661}},"33":{"start":{"line":81,"column":40776},"end":{"line":81,"column":40782}},"34":{"start":{"line":81,"column":40901},"end":{"line":81,"column":40907}},"35":{"start":{"line":81,"column":41051},"end":{"line":81,"column":41057}},"36":{"start":{"line":81,"column":41163},"end":{"line":81,"column":41169}},"37":{"start":{"line":81,"column":41284},"end":{"line":81,"column":41291}},"38":{"start":{"line":81,"column":41410},"end":{"line":81,"column":41417}},"39":{"start":{"line":81,"column":41539},"end":{"line":81,"column":41546}},"40":{"start":{"line":81,"column":41655},"end":{"line":81,"column":41662}},"41":{"start":{"line":81,"column":41780},"end":{"line":81,"column":41788}},"42":{"start":{"line":81,"column":41876},"end":{"line":81,"column":41882}}},"fnMap":{"0":{"name":"justifyText","decl":{"start":{"line":1,"column":9},"end":{"line":1,"column":20}},"loc":{"start":{"line":1,"column":56},"end":{"line":72,"column":1}}},"1":{"name":"calculateAndAddSpace","decl":{"start":{"line":7,"column":11},"end":{"line":7,"column":31}},"loc":{"start":{"line":7,"column":31},"end":{"line":42,"column":3}}},"2":{"name":"(anonymous_2)","decl":{"start":{"line":20,"column":30},"end":{"line":20,"column":31}},"loc":{"start":{"line":20,"column":54},"end":{"line":39,"column":5}}},"3":{"name":"oo_cm","decl":{"start":{"line":81,"column":77},"end":{"line":81,"column":82}},"loc":{"start":{"line":81,"column":82},"end":{"line":81,"column":40420}}}},"branchMap":{"0":{"loc":{"start":{"line":25,"column":6},"end":{"line":27,"column":7}},"type":"if","locations":[{"start":{"line":25,"column":6},"end":{"line":27,"column":7}}]},"1":{"loc":{"start":{"line":34,"column":6},"end":{"line":36,"column":7}},"type":"if","locations":[{"start":{"line":34,"column":6},"end":{"line":36,"column":7}}]},"2":{"loc":{"start":{"line":50,"column":4},"end":{"line":68,"column":5}},"type":"if","locations":[{"start":{"line":50,"column":4},"end":{"line":68,"column":5}},{"start":{"line":59,"column":9},"end":{"line":68,"column":5}}]},"3":{"loc":{"start":{"line":54,"column":6},"end":{"line":56,"column":7}},"type":"if","locations":[{"start":{"line":54,"column":6},"end":{"line":56,"column":7}}]},"4":{"loc":{"start":{"line":81,"column":96},"end":{"line":81,"column":40407}},"type":"binary-expr","locations":[{"start":{"line":81,"column":96},"end":{"line":81,"column":133}},{"start":{"line":81,"column":137},"end":{"line":81,"column":40407}}]}},"s":{"0":2,"1":2,"2":2,"3":5,"4":5,"5":5,"6":5,"7":5,"8":14,"9":14,"10":5,"11":9,"12":9,"13":1,"14":9,"15":5,"16":2,"17":2,"18":17,"19":17,"20":14,"21":14,"22":2,"23":3,"24":3,"25":3,"26":3,"27":2,"28":1,"29":19,"30":19,"31":1,"32":1,"33":1,"34":1,"35":1,"36":1,"37":1,"38":1,"39":1,"40":1,"41":1,"42":1},"f":{"0":2,"1":5,"2":14,"3":19},"b":{"0":[5],"1":[1],"2":[14,3],"3":[2],"4":[19,1]}}
,"C:\\Users\\Reian\\Desktop\\Personal\\Repositories\\reian-nodets-express-sandbox\\src\\personal-exercises\\urlShortener.ts": {"path":"C:\\Users\\Reian\\Desktop\\Personal\\Repositories\\reian-nodets-express-sandbox\\src\\personal-exercises\\urlShortener.ts","statementMap":{"0":{"start":{"line":2,"column":2},"end":{"line":2,"column":42}},"1":{"start":{"line":3,"column":2},"end":{"line":3,"column":51}},"2":{"start":{"line":10,"column":25},"end":{"line":12,"column":null}},"3":{"start":{"line":14,"column":4},"end":{"line":14,"column":45}},"4":{"start":{"line":15,"column":4},"end":{"line":15,"column":29}},"5":{"start":{"line":19,"column":4},"end":{"line":19,"column":38}},"6":{"start":{"line":23,"column":24},"end":{"line":23,"column":86}},"7":{"start":{"line":24,"column":24},"end":{"line":24,"column":80}},"8":{"start":{"line":1,"column":0},"end":{"line":1,"column":21}},"9":{"start":{"line":33,"column":85},"end":{"line":33,"column":40419}},"10":{"start":{"line":33,"column":89},"end":{"line":33,"column":40408}},"11":{"start":{"line":33,"column":40534},"end":{"line":33,"column":40540}},"12":{"start":{"line":33,"column":40655},"end":{"line":33,"column":40661}},"13":{"start":{"line":33,"column":40776},"end":{"line":33,"column":40782}},"14":{"start":{"line":33,"column":40901},"end":{"line":33,"column":40907}},"15":{"start":{"line":33,"column":41051},"end":{"line":33,"column":41057}}},"fnMap":{"0":{"name":"(anonymous_0)","decl":{"start":{"line":5,"column":2},"end":{"line":5,"column":17}},"loc":{"start":{"line":5,"column":2},"end":{"line":5,"column":18}}},"1":{"name":"(anonymous_1)","decl":{"start":{"line":7,"column":2},"end":{"line":7,"column":9}},"loc":{"start":{"line":7,"column":24},"end":{"line":16,"column":3}}},"2":{"name":"(anonymous_2)","decl":{"start":{"line":18,"column":2},"end":{"line":18,"column":9}},"loc":{"start":{"line":18,"column":30},"end":{"line":20,"column":3}}},"3":{"name":"(anonymous_3)","decl":{"start":{"line":22,"column":2},"end":{"line":22,"column":6}},"loc":{"start":{"line":22,"column":6},"end":{"line":25,"column":3}}},"4":{"name":"oo_cm","decl":{"start":{"line":33,"column":77},"end":{"line":33,"column":82}},"loc":{"start":{"line":33,"column":82},"end":{"line":33,"column":40420}}}},"branchMap":{"0":{"loc":{"start":{"line":33,"column":96},"end":{"line":33,"column":40407}},"type":"binary-expr","locations":[{"start":{"line":33,"column":96},"end":{"line":33,"column":133}},{"start":{"line":33,"column":137},"end":{"line":33,"column":40407}}]}},"s":{"0":2,"1":2,"2":6,"3":6,"4":6,"5":1,"6":1,"7":1,"8":1,"9":2,"10":2,"11":1,"12":1,"13":1,"14":1,"15":1},"f":{"0":2,"1":6,"2":1,"3":1,"4":2},"b":{"0":[2,1]}}
}
