TN:
SF:src\personal-exercises\happyNumbers.ts
FN:1,(anonymous_0)
FN:20,(anonymous_1)
FN:22,(anonymous_2)
FN:40,oo_cm
FNF:4
FNH:4
FNDA:4,(anonymous_0)
FNDA:26,(anonymous_1)
FNDA:13,(anonymous_2)
FNDA:2,oo_cm
DA:1,1
DA:3,4
DA:4,0
DA:5,4
DA:6,1
DA:7,1
DA:8,3
DA:9,1
DA:10,1
DA:13,2
DA:15,2
DA:17,2
DA:18,13
DA:20,26
DA:22,13
DA:25,13
DA:26,1
DA:29,12
DA:32,1
DA:40,2
LF:20
LH:19
BRDA:3,0,0,0
BRDA:3,0,1,4
BRDA:5,1,0,1
BRDA:5,1,1,3
BRDA:8,2,0,1
BRDA:25,3,0,1
BRDA:40,4,0,2
BRDA:40,4,1,1
BRF:8
BRH:7
end_of_record
