TN:
SF:src\personal-exercises\deepEquals.ts
FN:1,isEqualPrimitiveHandler
FN:46,isBothArray
FN:54,isBothObject
FN:61,deepEquals
FNF:4
FNH:4
FNDA:62,isEqualPrimitiveHandler
FNDA:24,isBothArray
FNDA:22,isBothObject
FNDA:42,deepEquals
DA:5,62
DA:6,62
DA:8,62
DA:10,62
DA:12,62
DA:13,62
DA:15,62
DA:21,62
DA:25,62
DA:26,62
DA:27,62
DA:28,62
DA:29,62
DA:32,62
DA:42,62
DA:47,24
DA:48,24
DA:50,24
DA:55,22
DA:56,22
DA:58,22
DA:66,42
DA:71,34
DA:73,34
DA:78,34
DA:79,18
DA:80,18
DA:81,18
DA:83,18
DA:87,16
DA:88,26
DA:89,26
DA:93,26
DA:94,2
DA:99,24
DA:101,24
DA:105,4
DA:106,2
DA:108,20
DA:109,6
DA:114,6
DA:117,16
DA:121,1
LF:43
LH:43
BRDA:5,0,0,62
BRDA:5,0,1,3
BRDA:6,1,0,62
BRDA:6,1,1,27
BRDA:8,2,0,62
BRDA:8,2,1,3
BRDA:10,3,0,62
BRDA:10,3,1,27
BRDA:12,4,0,62
BRDA:12,4,1,2
BRDA:13,5,0,62
BRDA:13,5,1,23
BRDA:15,6,0,62
BRDA:15,6,1,3
BRDA:21,7,0,62
BRDA:21,7,1,23
BRDA:21,7,2,1
BRDA:25,8,0,62
BRDA:25,8,1,5
BRDA:26,9,0,62
BRDA:26,9,1,4
BRDA:27,10,0,62
BRDA:27,10,1,2
BRDA:28,11,0,62
BRDA:28,11,1,2
BRDA:29,12,0,62
BRDA:29,12,1,1
BRDA:32,13,0,62
BRDA:32,13,1,61
BRDA:32,13,2,45
BRDA:32,13,3,44
BRDA:32,13,4,42
BRDA:32,13,5,41
BRDA:32,13,6,40
BRDA:32,13,7,40
BRDA:32,13,8,40
BRDA:50,14,0,24
BRDA:50,14,1,2
BRDA:55,15,0,22
BRDA:55,15,1,2
BRDA:56,16,0,22
BRDA:56,16,1,2
BRDA:58,17,0,22
BRDA:58,17,1,2
BRDA:66,18,0,8
BRDA:71,19,0,34
BRDA:71,19,1,8
BRDA:73,20,0,34
BRDA:73,20,1,24
BRDA:73,20,2,20
BRDA:73,20,3,19
BRDA:78,21,0,18
BRDA:78,22,0,34
BRDA:78,22,1,16
BRDA:83,23,0,2
BRDA:93,24,0,2
BRDA:93,25,0,26
BRDA:93,25,1,26
BRDA:99,26,0,24
BRDA:99,26,1,0
BRDA:101,27,0,4
BRDA:101,27,1,20
BRDA:102,28,0,24
BRDA:102,28,1,22
BRDA:105,29,0,2
BRDA:108,30,0,6
BRF:66
BRH:65
end_of_record
